-------------------------------------------------------------------------------
Test set: com.google.genai.ReplaySanitizerTest
-------------------------------------------------------------------------------
Tests run: 3, Failures: 0, Errors: 0, Skipped: 0, Time elapsed: 0.005 s -- in com.google.genai.ReplaySanitizerTest
com.google.genai.ReplaySanitizerTest.testPathNameMismatch -- Time elapsed: 0.001 s
com.google.genai.ReplaySanitizerTest.testPathTypeMismatch -- Time elapsed: 0 s
com.google.genai.ReplaySanitizerTest.testSanitizeSuccess -- Time elapsed: 0 s
