<?xml version="1.0" encoding="UTF-8"?>
<testsuite xmlns:xsi="http://www.w3.org/2001/XMLSchema-instance" xsi:noNamespaceSchemaLocation="https://maven.apache.org/surefire/maven-surefire-plugin/xsd/surefire-test-report.xsd" version="3.0.2" name="com.google.genai.TableTest" time="199.571" tests="199" errors="0" skipped="134" failures="3">
  <properties>
[...]
</properties>
  <testcase name="createTests()[1]" classname="com.google.genai.TableTest" time="0.0">
    <skipped type="org.opentest4j.TestAbortedException"><![CDATA[org.opentest4j.TestAbortedException: Assumption failed:     === Skipped: method batches.create is not supported in Java
	at org.junit.jupiter.api.Assumptions.throwAssumptionFailed(Assumptions.java:316)
	at org.junit.jupiter.api.Assumptions.assumeTrue(Assumptions.java:115)
	at com.google.genai.TableTest.lambda$createTableTests$0(TableTest.java:127)
	at java.base/java.util.Optional.ifPresent(Optional.java:178)
	at java.base/java.util.ArrayList.forEach(ArrayList.java:1597)
	at java.base/java.util.ArrayList.forEach(ArrayList.java:1597)
]]></skipped>
    <system-out><![CDATA[replayFilePath: /google/src/cloud/wuamy/genai-java/google3/google/cloud/aiplatform/sdk/genai/replays/tests/batches/create/
Running test table: batches.create
replayFilePath: /google/src/cloud/wuamy/genai-java/google3/google/cloud/aiplatform/sdk/genai/replays/tests/batches/create/
Running test table: batches.create
replayFilePath: /google/src/cloud/wuamy/genai-java/google3/google/cloud/aiplatform/sdk/genai/replays/tests/batches/delete/
Running test table: batches.delete
replayFilePath: /google/src/cloud/wuamy/genai-java/google3/google/cloud/aiplatform/sdk/genai/replays/tests/batches/delete/
Running test table: batches.delete
replayFilePath: /google/src/cloud/wuamy/genai-java/google3/google/cloud/aiplatform/sdk/genai/replays/tests/batches/get/
Running test table: batches.get
replayFilePath: /google/src/cloud/wuamy/genai-java/google3/google/cloud/aiplatform/sdk/genai/replays/tests/batches/get/
Running test table: batches.get
replayFilePath: /google/src/cloud/wuamy/genai-java/google3/google/cloud/aiplatform/sdk/genai/replays/tests/batches/cancel/
Running test table: batches.cancel
replayFilePath: /google/src/cloud/wuamy/genai-java/google3/google/cloud/aiplatform/sdk/genai/replays/tests/batches/cancel/
Running test table: batches.cancel
replayFilePath: /google/src/cloud/wuamy/genai-java/google3/google/cloud/aiplatform/sdk/genai/replays/tests/batches/list/
Running test table: batches.list
replayFilePath: /google/src/cloud/wuamy/genai-java/google3/google/cloud/aiplatform/sdk/genai/replays/tests/batches/list/
Running test table: batches.list
replayFilePath: /google/src/cloud/wuamy/genai-java/google3/google/cloud/aiplatform/sdk/genai/replays/tests/tunings/list/
Running test table: tunings.list
replayFilePath: /google/src/cloud/wuamy/genai-java/google3/google/cloud/aiplatform/sdk/genai/replays/tests/tunings/list/
Running test table: tunings.list
replayFilePath: /google/src/cloud/wuamy/genai-java/google3/google/cloud/aiplatform/sdk/genai/replays/tests/tunings/get/
Running test table: tunings.get
replayFilePath: /google/src/cloud/wuamy/genai-java/google3/google/cloud/aiplatform/sdk/genai/replays/tests/tunings/get/
Running test table: tunings.get
replayFilePath: /google/src/cloud/wuamy/genai-java/google3/google/cloud/aiplatform/sdk/genai/replays/tests/tunings/tune/
Running test table: tunings.tune
replayFilePath: /google/src/cloud/wuamy/genai-java/google3/google/cloud/aiplatform/sdk/genai/replays/tests/tunings/tune/
Running test table: tunings.tune
replayFilePath: /google/src/cloud/wuamy/genai-java/google3/google/cloud/aiplatform/sdk/genai/replays/tests/caches/get/
Running test table: caches.get
replayFilePath: /google/src/cloud/wuamy/genai-java/google3/google/cloud/aiplatform/sdk/genai/replays/tests/caches/get/
Running test table: caches.get
replayFilePath: /google/src/cloud/wuamy/genai-java/google3/google/cloud/aiplatform/sdk/genai/replays/tests/caches/create/
Running test table: caches.create
replayFilePath: /google/src/cloud/wuamy/genai-java/google3/google/cloud/aiplatform/sdk/genai/replays/tests/caches/create/
Running test table: caches.create
replayFilePath: /google/src/cloud/wuamy/genai-java/google3/google/cloud/aiplatform/sdk/genai/replays/tests/caches/list/
Running test table: caches.list
replayFilePath: /google/src/cloud/wuamy/genai-java/google3/google/cloud/aiplatform/sdk/genai/replays/tests/caches/list/
Running test table: caches.list
replayFilePath: /google/src/cloud/wuamy/genai-java/google3/google/cloud/aiplatform/sdk/genai/replays/tests/caches/delete/
Running test table: caches.delete
replayFilePath: /google/src/cloud/wuamy/genai-java/google3/google/cloud/aiplatform/sdk/genai/replays/tests/caches/delete/
Running test table: caches.delete
replayFilePath: /google/src/cloud/wuamy/genai-java/google3/google/cloud/aiplatform/sdk/genai/replays/tests/caches/get_custom_url/
Running test table: caches.get
replayFilePath: /google/src/cloud/wuamy/genai-java/google3/google/cloud/aiplatform/sdk/genai/replays/tests/caches/get_custom_url/
Running test table: caches.get
replayFilePath: /google/src/cloud/wuamy/genai-java/google3/google/cloud/aiplatform/sdk/genai/replays/tests/caches/delete_custom_url/
Running test table: caches.delete
replayFilePath: /google/src/cloud/wuamy/genai-java/google3/google/cloud/aiplatform/sdk/genai/replays/tests/caches/delete_custom_url/
Running test table: caches.delete
replayFilePath: /google/src/cloud/wuamy/genai-java/google3/google/cloud/aiplatform/sdk/genai/replays/tests/caches/create_custom_url/
Running test table: caches.create
replayFilePath: /google/src/cloud/wuamy/genai-java/google3/google/cloud/aiplatform/sdk/genai/replays/tests/caches/create_custom_url/
Running test table: caches.create
replayFilePath: /google/src/cloud/wuamy/genai-java/google3/google/cloud/aiplatform/sdk/genai/replays/tests/caches/update/
Running test table: caches.update
replayFilePath: /google/src/cloud/wuamy/genai-java/google3/google/cloud/aiplatform/sdk/genai/replays/tests/caches/update/
Running test table: caches.update
replayFilePath: /google/src/cloud/wuamy/genai-java/google3/google/cloud/aiplatform/sdk/genai/replays/tests/caches/update_custom_url/
Running test table: caches.update
replayFilePath: /google/src/cloud/wuamy/genai-java/google3/google/cloud/aiplatform/sdk/genai/replays/tests/caches/update_custom_url/
Running test table: caches.update
replayFilePath: /google/src/cloud/wuamy/genai-java/google3/google/cloud/aiplatform/sdk/genai/replays/tests/models/generate_content_tools/
Running test table: models.generate_content
    === Calling method: models.generate_content.test_google_search_retrieval.mldev
    === Calling method: models.generate_content.test_vai_search.mldev
    === Calling method: models.generate_content.test_vai_google_search.mldev
    === Calling method: models.generate_content.test_rag_model.mldev
    === Calling method: models.generate_content.test_function_call.mldev
    === Calling method: models.generate_content.test_code_execution.mldev
replayFilePath: /google/src/cloud/wuamy/genai-java/google3/google/cloud/aiplatform/sdk/genai/replays/tests/models/generate_content_tools/
Running test table: models.generate_content
    === Calling method: models.generate_content.test_google_search_retrieval.vertex
    === Calling method: models.generate_content.test_vai_search.vertex
    === Calling method: models.generate_content.test_vai_google_search.vertex
    === Calling method: models.generate_content.test_rag_model.vertex
    === Calling method: models.generate_content.test_function_call.vertex
    === Calling method: models.generate_content.test_code_execution.vertex
replayFilePath: /google/src/cloud/wuamy/genai-java/google3/google/cloud/aiplatform/sdk/genai/replays/tests/models/generate_videos/
Running test table: models.generate_videos
replayFilePath: /google/src/cloud/wuamy/genai-java/google3/google/cloud/aiplatform/sdk/genai/replays/tests/models/generate_videos/
Running test table: models.generate_videos
replayFilePath: /google/src/cloud/wuamy/genai-java/google3/google/cloud/aiplatform/sdk/genai/replays/tests/models/generate_content_cached_content/
Running test table: models.generate_content
    === Calling method: models.generate_content.test_cached_content_wrong_name.mldev
    === Calling method: models.generate_content.test_cached_content_partial_vertex_resource_name_0.mldev
    === Calling method: models.generate_content.test_cached_content_partial_vertex_resource_name_1.mldev
    === Calling method: models.generate_content.test_cached_content_partial_vertex_resource_name_2.mldev
    === Calling method: models.generate_content.test_cached_content_partial_mldev_resource_name_1.mldev
    === Calling method: models.generate_content.test_cached_content_for_vertex.mldev
    === Calling method: models.generate_content.test_cached_content_for_mldev.mldev
replayFilePath: /google/src/cloud/wuamy/genai-java/google3/google/cloud/aiplatform/sdk/genai/replays/tests/models/generate_content_cached_content/
Running test table: models.generate_content
    === Calling method: models.generate_content.test_cached_content_wrong_name.vertex
    === Calling method: models.generate_content.test_cached_content_partial_vertex_resource_name_0.vertex
    === Calling method: models.generate_content.test_cached_content_partial_vertex_resource_name_1.vertex
    === Calling method: models.generate_content.test_cached_content_partial_vertex_resource_name_2.vertex
    === Calling method: models.generate_content.test_cached_content_partial_mldev_resource_name_1.vertex
    === Calling method: models.generate_content.test_cached_content_for_vertex.vertex
    === Calling method: models.generate_content.test_cached_content_for_mldev.vertex
replayFilePath: /google/src/cloud/wuamy/genai-java/google3/google/cloud/aiplatform/sdk/genai/replays/tests/models/generate_content_part/
Running test table: models.generate_content
    === Calling method: models.generate_content.test_image_uri.mldev
    === Calling method: models.generate_content.test_external_file_uri.mldev
    === Calling method: models.generate_content.test_image_png_file_uri.mldev
    === Calling method: models.generate_content.test_image_jpg_file_uri.mldev
    === Calling method: models.generate_content.test_application_pdf_file_uri.mldev
    === Calling method: models.generate_content.test_video_mp4_file_uri.mldev
    === Calling method: models.generate_content.test_audio_m4a_file_uri.mldev
    === Calling method: models.generate_content.test_video_gcs_file_uri.mldev
    === Calling method: models.generate_content.test_image_base64.mldev
    === Calling method: models.generate_content.test_union_none_part.mldev
    === Calling method: models.generate_content.test_dict_content.mldev
    === Calling method: models.generate_content.test_union_part_list.mldev
replayFilePath: /google/src/cloud/wuamy/genai-java/google3/google/cloud/aiplatform/sdk/genai/replays/tests/models/generate_content_part/
Running test table: models.generate_content
    === Calling method: models.generate_content.test_image_uri.vertex
    === Calling method: models.generate_content.test_external_file_uri.vertex
    === Calling method: models.generate_content.test_image_png_file_uri.vertex
    === Calling method: models.generate_content.test_image_jpg_file_uri.vertex
    === Calling method: models.generate_content.test_application_pdf_file_uri.vertex
    === Calling method: models.generate_content.test_video_mp4_file_uri.vertex
    === Calling method: models.generate_content.test_audio_m4a_file_uri.vertex
    === Calling method: models.generate_content.test_video_gcs_file_uri.vertex
    === Calling method: models.generate_content.test_image_base64.vertex
    === Calling method: models.generate_content.test_union_none_part.vertex
    === Calling method: models.generate_content.test_dict_content.vertex
    === Calling method: models.generate_content.test_union_part_list.vertex
replayFilePath: /google/src/cloud/wuamy/genai-java/google3/google/cloud/aiplatform/sdk/genai/replays/tests/models/embed_content/
Running test table: models.embed_content
replayFilePath: /google/src/cloud/wuamy/genai-java/google3/google/cloud/aiplatform/sdk/genai/replays/tests/models/embed_content/
Running test table: models.embed_content
replayFilePath: /google/src/cloud/wuamy/genai-java/google3/google/cloud/aiplatform/sdk/genai/replays/tests/models/generate_content_http_options/
Running test table: models.generate_content
    === Calling method: models.generate_content.test_generate_content_with_http_options.mldev
replayFilePath: /google/src/cloud/wuamy/genai-java/google3/google/cloud/aiplatform/sdk/genai/replays/tests/models/generate_content_http_options/
Running test table: models.generate_content
    === Calling method: models.generate_content.test_generate_content_with_http_options.vertex
replayFilePath: /google/src/cloud/wuamy/genai-java/google3/google/cloud/aiplatform/sdk/genai/replays/tests/models/get/
Running test table: models.get
replayFilePath: /google/src/cloud/wuamy/genai-java/google3/google/cloud/aiplatform/sdk/genai/replays/tests/models/get/
Running test table: models.get
replayFilePath: /google/src/cloud/wuamy/genai-java/google3/google/cloud/aiplatform/sdk/genai/replays/tests/models/compute_tokens/
Running test table: models.compute_tokens
replayFilePath: /google/src/cloud/wuamy/genai-java/google3/google/cloud/aiplatform/sdk/genai/replays/tests/models/compute_tokens/
Running test table: models.compute_tokens
replayFilePath: /google/src/cloud/wuamy/genai-java/google3/google/cloud/aiplatform/sdk/genai/replays/tests/models/generate_content/
Running test table: models.generate_content
    === Calling method: models.generate_content.test_http_options_in_method.mldev
    === Calling method: models.generate_content.test_union_contents_is_string.mldev
    === Calling method: models.generate_content.test_union_contents_is_content.mldev
    === Calling method: models.generate_content.test_union_contents_is_parts.mldev
    === Calling method: models.generate_content.test_union_contents_is_part.mldev
    === Calling method: models.generate_content.test_sync_content_list.mldev
    === Calling method: models.generate_content.test_llama.mldev
    === Calling method: models.generate_content.test_system_instructions.mldev
    === Calling method: models.generate_content.test_labels.mldev
    === Calling method: models.generate_content.test_simple_shared_generation_config.mldev
    === Calling method: models.generate_content.test_2_candidates_gemini_1_5_flash.mldev
    === Calling method: models.generate_content.test_safety_settings_on_difference.mldev
    === Calling method: models.generate_content.test_penalty.mldev
    === Calling method: models.generate_content.test_penalty_gemini_1_5_flash.mldev
    === Calling method: models.generate_content.test_google_search_tool.mldev
    === Calling method: models.generate_content.test_speech_with_config.mldev
    === Calling method: models.generate_content.test_union_speech_string_config.mldev
    === Calling method: models.generate_content.test_audio_timestamp.mldev
replayFilePath: /google/src/cloud/wuamy/genai-java/google3/google/cloud/aiplatform/sdk/genai/replays/tests/models/generate_content/
Running test table: models.generate_content
    === Calling method: models.generate_content.test_http_options_in_method.vertex
    === Calling method: models.generate_content.test_union_contents_is_string.vertex
    === Calling method: models.generate_content.test_union_contents_is_content.vertex
    === Calling method: models.generate_content.test_union_contents_is_parts.vertex
    === Calling method: models.generate_content.test_union_contents_is_part.vertex
    === Calling method: models.generate_content.test_sync_content_list.vertex
    === Calling method: models.generate_content.test_llama.vertex
    === Calling method: models.generate_content.test_system_instructions.vertex
    === Calling method: models.generate_content.test_labels.vertex
    === Calling method: models.generate_content.test_simple_shared_generation_config.vertex
    === Calling method: models.generate_content.test_2_candidates_gemini_1_5_flash.vertex
    === Calling method: models.generate_content.test_safety_settings_on_difference.vertex
    === Calling method: models.generate_content.test_penalty.vertex
    === Calling method: models.generate_content.test_penalty_gemini_1_5_flash.vertex
    === Calling method: models.generate_content.test_google_search_tool.vertex
    === Calling method: models.generate_content.test_speech_with_config.vertex
    === Calling method: models.generate_content.test_union_speech_string_config.vertex
    === Calling method: models.generate_content.test_audio_timestamp.vertex
replayFilePath: /google/src/cloud/wuamy/genai-java/google3/google/cloud/aiplatform/sdk/genai/replays/tests/models/upscale_image/
Running test table: models.upscale_image
    === Calling method: models.upscale_image.test_upscale_no_config.mldev
    === Calling method: models.upscale_image.test_upscale.mldev
replayFilePath: /google/src/cloud/wuamy/genai-java/google3/google/cloud/aiplatform/sdk/genai/replays/tests/models/upscale_image/
Running test table: models.upscale_image
    === Calling method: models.upscale_image.test_upscale_no_config.vertex
    === Calling method: models.upscale_image.test_upscale.vertex
replayFilePath: /google/src/cloud/wuamy/genai-java/google3/google/cloud/aiplatform/sdk/genai/replays/tests/models/edit_image/
Running test table: models.edit_image
replayFilePath: /google/src/cloud/wuamy/genai-java/google3/google/cloud/aiplatform/sdk/genai/replays/tests/models/edit_image/
Running test table: models.edit_image
replayFilePath: /google/src/cloud/wuamy/genai-java/google3/google/cloud/aiplatform/sdk/genai/replays/tests/models/generate_content_config_zero_value/
Running test table: models.generate_content
    === Calling method: models.generate_content.test_candidate_count_zero.mldev
    === Calling method: models.generate_content.test_max_output_tokens_zero.mldev
    === Calling method: models.generate_content.test_logprobs_zero.mldev
    === Calling method: models.generate_content.test_logprobs_zero_with_response_logprobs_true.mldev
    === Calling method: models.generate_content.test_presence_penalty_zero.mldev
    === Calling method: models.generate_content.test_frequency_penalty_zero.mldev
replayFilePath: /google/src/cloud/wuamy/genai-java/google3/google/cloud/aiplatform/sdk/genai/replays/tests/models/generate_content_config_zero_value/
Running test table: models.generate_content
    === Calling method: models.generate_content.test_candidate_count_zero.vertex
    === Calling method: models.generate_content.test_max_output_tokens_zero.vertex
    === Calling method: models.generate_content.test_logprobs_zero.vertex
    === Calling method: models.generate_content.test_logprobs_zero_with_response_logprobs_true.vertex
    === Calling method: models.generate_content.test_presence_penalty_zero.vertex
    === Calling method: models.generate_content.test_frequency_penalty_zero.vertex
replayFilePath: /google/src/cloud/wuamy/genai-java/google3/google/cloud/aiplatform/sdk/genai/replays/tests/models/generate_images/
Running test table: models.generate_images
    === Calling method: models.generate_images.test_simple_prompt.mldev
    === Calling method: models.generate_images.test_simple_prompt_001.mldev
    === Calling method: models.generate_images.test_all_vertexai_config_parameters.mldev
    === Calling method: models.generate_images.test_all_vertexai_config_person_generation_enum_parameters.mldev
    === Calling method: models.generate_images.test_all_vertexai_config_person_generation_enum_parameters_2.mldev
    === Calling method: models.generate_images.test_all_vertexai_config_person_generation_enum_parameters_3.mldev
    === Calling method: models.generate_images.test_all_vertexai_config_safety_filter_level_enum_parameters.mldev
    === Calling method: models.generate_images.test_all_vertexai_config_safety_filter_level_enum_parameters_2.mldev
    === Calling method: models.generate_images.test_all_vertexai_config_safety_filter_level_enum_parameters_3.mldev
    === Calling method: models.generate_images.test_all_mldev_config_parameters.mldev
replayFilePath: /google/src/cloud/wuamy/genai-java/google3/google/cloud/aiplatform/sdk/genai/replays/tests/models/generate_images/
Running test table: models.generate_images
    === Calling method: models.generate_images.test_simple_prompt.vertex
    === Calling method: models.generate_images.test_simple_prompt_001.vertex
    === Calling method: models.generate_images.test_all_vertexai_config_parameters.vertex
    === Calling method: models.generate_images.test_all_vertexai_config_person_generation_enum_parameters.vertex
    === Calling method: models.generate_images.test_all_vertexai_config_person_generation_enum_parameters_2.vertex
    === Calling method: models.generate_images.test_all_vertexai_config_person_generation_enum_parameters_3.vertex
    === Calling method: models.generate_images.test_all_vertexai_config_safety_filter_level_enum_parameters.vertex
    === Calling method: models.generate_images.test_all_vertexai_config_safety_filter_level_enum_parameters_2.vertex
    === Calling method: models.generate_images.test_all_vertexai_config_safety_filter_level_enum_parameters_3.vertex
    === Calling method: models.generate_images.test_all_mldev_config_parameters.vertex
replayFilePath: /google/src/cloud/wuamy/genai-java/google3/google/cloud/aiplatform/sdk/genai/replays/tests/models/generate_content_media_resolution/
Running test table: models.generate_content
    === Calling method: models.generate_content.test_video_audio_uri_with_media_resolution.mldev
replayFilePath: /google/src/cloud/wuamy/genai-java/google3/google/cloud/aiplatform/sdk/genai/replays/tests/models/generate_content_media_resolution/
Running test table: models.generate_content
    === Calling method: models.generate_content.test_video_audio_uri_with_media_resolution.vertex
replayFilePath: /google/src/cloud/wuamy/genai-java/google3/google/cloud/aiplatform/sdk/genai/replays/tests/models/list/
Running test table: models.list
replayFilePath: /google/src/cloud/wuamy/genai-java/google3/google/cloud/aiplatform/sdk/genai/replays/tests/models/list/
Running test table: models.list
replayFilePath: /google/src/cloud/wuamy/genai-java/google3/google/cloud/aiplatform/sdk/genai/replays/tests/models/count_tokens/
Running test table: models.count_tokens
replayFilePath: /google/src/cloud/wuamy/genai-java/google3/google/cloud/aiplatform/sdk/genai/replays/tests/models/count_tokens/
Running test table: models.count_tokens
replayFilePath: /google/src/cloud/wuamy/genai-java/google3/google/cloud/aiplatform/sdk/genai/replays/tests/models/update/
Running test table: models.update
replayFilePath: /google/src/cloud/wuamy/genai-java/google3/google/cloud/aiplatform/sdk/genai/replays/tests/models/update/
Running test table: models.update
replayFilePath: /google/src/cloud/wuamy/genai-java/google3/google/cloud/aiplatform/sdk/genai/replays/tests/models/generate_content_model/
Running test table: models.generate_content
    === Calling method: models.generate_content.test_tuned_model_with_model_name.mldev
    === Calling method: models.generate_content.test_tuned_model.mldev
    === Calling method: models.generate_content.test_start_with_publishers.mldev
    === Calling method: models.generate_content.test_start_with_models.mldev
    === Calling method: models.generate_content.test_publisher_model.mldev
    === Calling method: models.generate_content.test_empty_model.mldev
replayFilePath: /google/src/cloud/wuamy/genai-java/google3/google/cloud/aiplatform/sdk/genai/replays/tests/models/generate_content_model/
Running test table: models.generate_content
    === Calling method: models.generate_content.test_tuned_model_with_model_name.vertex
    === Calling method: models.generate_content.test_tuned_model.vertex
    === Calling method: models.generate_content.test_start_with_publishers.vertex
    === Calling method: models.generate_content.test_start_with_models.vertex
    === Calling method: models.generate_content.test_publisher_model.vertex
    === Calling method: models.generate_content.test_empty_model.vertex
replayFilePath: /google/src/cloud/wuamy/genai-java/google3/google/cloud/aiplatform/sdk/genai/replays/tests/models/delete/
Running test table: models.delete
replayFilePath: /google/src/cloud/wuamy/genai-java/google3/google/cloud/aiplatform/sdk/genai/replays/tests/models/delete/
Running test table: models.delete
replayFilePath: /google/src/cloud/wuamy/genai-java/google3/google/cloud/aiplatform/sdk/genai/replays/tests/files/get/
Running test table: files.get
replayFilePath: /google/src/cloud/wuamy/genai-java/google3/google/cloud/aiplatform/sdk/genai/replays/tests/files/get/
Running test table: files.get
replayFilePath: /google/src/cloud/wuamy/genai-java/google3/google/cloud/aiplatform/sdk/genai/replays/tests/files/list/
Running test table: files.list
replayFilePath: /google/src/cloud/wuamy/genai-java/google3/google/cloud/aiplatform/sdk/genai/replays/tests/files/list/
Running test table: files.list
replayFilePath: /google/src/cloud/wuamy/genai-java/google3/google/cloud/aiplatform/sdk/genai/replays/tests/files/delete/
Running test table: files.delete
replayFilePath: /google/src/cloud/wuamy/genai-java/google3/google/cloud/aiplatform/sdk/genai/replays/tests/files/delete/
Running test table: files.delete
    === Skipped: method batches.create is not supported in Java
]]></system-out>
    <system-err><![CDATA[Mar 14, 2025 10:47:22 PM com.google.auth.oauth2.DefaultCredentialsProvider warnAboutProblematicCredentials
WARNING: You are authenticating using user credentials. For production, we recommend using service account credentials.

To learn more about service account credentials, see http://cloud.google.com/docs/authentication/external/set-up-adc-on-cloud
]]></system-err>
  </testcase>
  <testcase name="createTests()[2]" classname="com.google.genai.TableTest" time="0.0">
    <skipped type="org.opentest4j.TestAbortedException"><![CDATA[org.opentest4j.TestAbortedException: Assumption failed:     === Skipped: method batches.create is not supported in Java
	at org.junit.jupiter.api.Assumptions.throwAssumptionFailed(Assumptions.java:316)
	at org.junit.jupiter.api.Assumptions.assumeTrue(Assumptions.java:115)
	at com.google.genai.TableTest.lambda$createTableTests$0(TableTest.java:127)
	at java.base/java.util.Optional.ifPresent(Optional.java:178)
	at java.base/java.util.ArrayList.forEach(ArrayList.java:1597)
	at java.base/java.util.ArrayList.forEach(ArrayList.java:1597)
]]></skipped>
    <system-out><![CDATA[    === Skipped: method batches.create is not supported in Java
]]></system-out>
  </testcase>
  <testcase name="createTests()[3]" classname="com.google.genai.TableTest" time="0.0">
    <skipped type="org.opentest4j.TestAbortedException"><![CDATA[org.opentest4j.TestAbortedException: Assumption failed:     === Skipped: method batches.delete is not supported in Java
	at org.junit.jupiter.api.Assumptions.throwAssumptionFailed(Assumptions.java:316)
	at org.junit.jupiter.api.Assumptions.assumeTrue(Assumptions.java:115)
	at com.google.genai.TableTest.lambda$createTableTests$0(TableTest.java:127)
	at java.base/java.util.Optional.ifPresent(Optional.java:178)
	at java.base/java.util.ArrayList.forEach(ArrayList.java:1597)
	at java.base/java.util.ArrayList.forEach(ArrayList.java:1597)
]]></skipped>
    <system-out><![CDATA[    === Skipped: method batches.delete is not supported in Java
]]></system-out>
  </testcase>
  <testcase name="createTests()[4]" classname="com.google.genai.TableTest" time="0.0">
    <skipped type="org.opentest4j.TestAbortedException"><![CDATA[org.opentest4j.TestAbortedException: Assumption failed:     === Skipped: method batches.delete is not supported in Java
	at org.junit.jupiter.api.Assumptions.throwAssumptionFailed(Assumptions.java:316)
	at org.junit.jupiter.api.Assumptions.assumeTrue(Assumptions.java:115)
	at com.google.genai.TableTest.lambda$createTableTests$0(TableTest.java:127)
	at java.base/java.util.Optional.ifPresent(Optional.java:178)
	at java.base/java.util.ArrayList.forEach(ArrayList.java:1597)
	at java.base/java.util.ArrayList.forEach(ArrayList.java:1597)
]]></skipped>
    <system-out><![CDATA[    === Skipped: method batches.delete is not supported in Java
]]></system-out>
  </testcase>
  <testcase name="createTests()[5]" classname="com.google.genai.TableTest" time="0.0">
    <skipped type="org.opentest4j.TestAbortedException"><![CDATA[org.opentest4j.TestAbortedException: Assumption failed:     === Skipped: method batches.get is not supported in Java
	at org.junit.jupiter.api.Assumptions.throwAssumptionFailed(Assumptions.java:316)
	at org.junit.jupiter.api.Assumptions.assumeTrue(Assumptions.java:115)
	at com.google.genai.TableTest.lambda$createTableTests$0(TableTest.java:127)
	at java.base/java.util.Optional.ifPresent(Optional.java:178)
	at java.base/java.util.ArrayList.forEach(ArrayList.java:1597)
	at java.base/java.util.ArrayList.forEach(ArrayList.java:1597)
]]></skipped>
    <system-out><![CDATA[    === Skipped: method batches.get is not supported in Java
]]></system-out>
  </testcase>
  <testcase name="createTests()[6]" classname="com.google.genai.TableTest" time="0.0">
    <skipped type="org.opentest4j.TestAbortedException"><![CDATA[org.opentest4j.TestAbortedException: Assumption failed:     === Skipped: method batches.get is not supported in Java
	at org.junit.jupiter.api.Assumptions.throwAssumptionFailed(Assumptions.java:316)
	at org.junit.jupiter.api.Assumptions.assumeTrue(Assumptions.java:115)
	at com.google.genai.TableTest.lambda$createTableTests$0(TableTest.java:127)
	at java.base/java.util.Optional.ifPresent(Optional.java:178)
	at java.base/java.util.ArrayList.forEach(ArrayList.java:1597)
	at java.base/java.util.ArrayList.forEach(ArrayList.java:1597)
]]></skipped>
    <system-out><![CDATA[    === Skipped: method batches.get is not supported in Java
]]></system-out>
  </testcase>
  <testcase name="createTests()[7]" classname="com.google.genai.TableTest" time="0.0">
    <skipped type="org.opentest4j.TestAbortedException"><![CDATA[org.opentest4j.TestAbortedException: Assumption failed:     === Skipped: method batches.cancel is not supported in Java
	at org.junit.jupiter.api.Assumptions.throwAssumptionFailed(Assumptions.java:316)
	at org.junit.jupiter.api.Assumptions.assumeTrue(Assumptions.java:115)
	at com.google.genai.TableTest.lambda$createTableTests$0(TableTest.java:127)
	at java.base/java.util.Optional.ifPresent(Optional.java:178)
	at java.base/java.util.ArrayList.forEach(ArrayList.java:1597)
	at java.base/java.util.ArrayList.forEach(ArrayList.java:1597)
]]></skipped>
    <system-out><![CDATA[    === Skipped: method batches.cancel is not supported in Java
]]></system-out>
  </testcase>
  <testcase name="createTests()[8]" classname="com.google.genai.TableTest" time="0.0">
    <skipped type="org.opentest4j.TestAbortedException"><![CDATA[org.opentest4j.TestAbortedException: Assumption failed:     === Skipped: method batches.cancel is not supported in Java
	at org.junit.jupiter.api.Assumptions.throwAssumptionFailed(Assumptions.java:316)
	at org.junit.jupiter.api.Assumptions.assumeTrue(Assumptions.java:115)
	at com.google.genai.TableTest.lambda$createTableTests$0(TableTest.java:127)
	at java.base/java.util.Optional.ifPresent(Optional.java:178)
	at java.base/java.util.ArrayList.forEach(ArrayList.java:1597)
	at java.base/java.util.ArrayList.forEach(ArrayList.java:1597)
]]></skipped>
    <system-out><![CDATA[    === Skipped: method batches.cancel is not supported in Java
]]></system-out>
  </testcase>
  <testcase name="createTests()[9]" classname="com.google.genai.TableTest" time="0.0">
    <skipped type="org.opentest4j.TestAbortedException"><![CDATA[org.opentest4j.TestAbortedException: Assumption failed:     === Skipped: method batches.list is not supported in Java
	at org.junit.jupiter.api.Assumptions.throwAssumptionFailed(Assumptions.java:316)
	at org.junit.jupiter.api.Assumptions.assumeTrue(Assumptions.java:115)
	at com.google.genai.TableTest.lambda$createTableTests$0(TableTest.java:127)
	at java.base/java.util.Optional.ifPresent(Optional.java:178)
	at java.base/java.util.ArrayList.forEach(ArrayList.java:1597)
	at java.base/java.util.ArrayList.forEach(ArrayList.java:1597)
]]></skipped>
    <system-out><![CDATA[    === Skipped: method batches.list is not supported in Java
]]></system-out>
  </testcase>
  <testcase name="createTests()[10]" classname="com.google.genai.TableTest" time="0.0">
    <skipped type="org.opentest4j.TestAbortedException"><![CDATA[org.opentest4j.TestAbortedException: Assumption failed:     === Skipped: method batches.list is not supported in Java
	at org.junit.jupiter.api.Assumptions.throwAssumptionFailed(Assumptions.java:316)
	at org.junit.jupiter.api.Assumptions.assumeTrue(Assumptions.java:115)
	at com.google.genai.TableTest.lambda$createTableTests$0(TableTest.java:127)
	at java.base/java.util.Optional.ifPresent(Optional.java:178)
	at java.base/java.util.ArrayList.forEach(ArrayList.java:1597)
	at java.base/java.util.ArrayList.forEach(ArrayList.java:1597)
]]></skipped>
    <system-out><![CDATA[    === Skipped: method batches.list is not supported in Java
]]></system-out>
  </testcase>
  <testcase name="createTests()[11]" classname="com.google.genai.TableTest" time="0.0">
    <skipped type="org.opentest4j.TestAbortedException"><![CDATA[org.opentest4j.TestAbortedException: Assumption failed:     === Skipped: method tunings.list is not supported in Java
	at org.junit.jupiter.api.Assumptions.throwAssumptionFailed(Assumptions.java:316)
	at org.junit.jupiter.api.Assumptions.assumeTrue(Assumptions.java:115)
	at com.google.genai.TableTest.lambda$createTableTests$0(TableTest.java:127)
	at java.base/java.util.Optional.ifPresent(Optional.java:178)
	at java.base/java.util.ArrayList.forEach(ArrayList.java:1597)
	at java.base/java.util.ArrayList.forEach(ArrayList.java:1597)
]]></skipped>
    <system-out><![CDATA[    === Skipped: method tunings.list is not supported in Java
]]></system-out>
  </testcase>
  <testcase name="createTests()[12]" classname="com.google.genai.TableTest" time="0.0">
    <skipped type="org.opentest4j.TestAbortedException"><![CDATA[org.opentest4j.TestAbortedException: Assumption failed:     === Skipped: method tunings.list is not supported in Java
	at org.junit.jupiter.api.Assumptions.throwAssumptionFailed(Assumptions.java:316)
	at org.junit.jupiter.api.Assumptions.assumeTrue(Assumptions.java:115)
	at com.google.genai.TableTest.lambda$createTableTests$0(TableTest.java:127)
	at java.base/java.util.Optional.ifPresent(Optional.java:178)
	at java.base/java.util.ArrayList.forEach(ArrayList.java:1597)
	at java.base/java.util.ArrayList.forEach(ArrayList.java:1597)
]]></skipped>
    <system-out><![CDATA[    === Skipped: method tunings.list is not supported in Java
]]></system-out>
  </testcase>
  <testcase name="createTests()[13]" classname="com.google.genai.TableTest" time="0.0">
    <skipped type="org.opentest4j.TestAbortedException"><![CDATA[org.opentest4j.TestAbortedException: Assumption failed:     === Skipped: method tunings.get is not supported in Java
	at org.junit.jupiter.api.Assumptions.throwAssumptionFailed(Assumptions.java:316)
	at org.junit.jupiter.api.Assumptions.assumeTrue(Assumptions.java:115)
	at com.google.genai.TableTest.lambda$createTableTests$0(TableTest.java:127)
	at java.base/java.util.Optional.ifPresent(Optional.java:178)
	at java.base/java.util.ArrayList.forEach(ArrayList.java:1597)
	at java.base/java.util.ArrayList.forEach(ArrayList.java:1597)
]]></skipped>
    <system-out><![CDATA[    === Skipped: method tunings.get is not supported in Java
]]></system-out>
  </testcase>
  <testcase name="createTests()[14]" classname="com.google.genai.TableTest" time="0.0">
    <skipped type="org.opentest4j.TestAbortedException"><![CDATA[org.opentest4j.TestAbortedException: Assumption failed:     === Skipped: method tunings.get is not supported in Java
	at org.junit.jupiter.api.Assumptions.throwAssumptionFailed(Assumptions.java:316)
	at org.junit.jupiter.api.Assumptions.assumeTrue(Assumptions.java:115)
	at com.google.genai.TableTest.lambda$createTableTests$0(TableTest.java:127)
	at java.base/java.util.Optional.ifPresent(Optional.java:178)
	at java.base/java.util.ArrayList.forEach(ArrayList.java:1597)
	at java.base/java.util.ArrayList.forEach(ArrayList.java:1597)
]]></skipped>
    <system-out><![CDATA[    === Skipped: method tunings.get is not supported in Java
]]></system-out>
  </testcase>
  <testcase name="createTests()[15]" classname="com.google.genai.TableTest" time="0.0">
    <skipped type="org.opentest4j.TestAbortedException"><![CDATA[org.opentest4j.TestAbortedException: Assumption failed:     === Skipped: method tunings.tune is not supported in Java
	at org.junit.jupiter.api.Assumptions.throwAssumptionFailed(Assumptions.java:316)
	at org.junit.jupiter.api.Assumptions.assumeTrue(Assumptions.java:115)
	at com.google.genai.TableTest.lambda$createTableTests$0(TableTest.java:127)
	at java.base/java.util.Optional.ifPresent(Optional.java:178)
	at java.base/java.util.ArrayList.forEach(ArrayList.java:1597)
	at java.base/java.util.ArrayList.forEach(ArrayList.java:1597)
]]></skipped>
    <system-out><![CDATA[    === Skipped: method tunings.tune is not supported in Java
]]></system-out>
  </testcase>
  <testcase name="createTests()[16]" classname="com.google.genai.TableTest" time="0.0">
    <skipped type="org.opentest4j.TestAbortedException"><![CDATA[org.opentest4j.TestAbortedException: Assumption failed:     === Skipped: method tunings.tune is not supported in Java
	at org.junit.jupiter.api.Assumptions.throwAssumptionFailed(Assumptions.java:316)
	at org.junit.jupiter.api.Assumptions.assumeTrue(Assumptions.java:115)
	at com.google.genai.TableTest.lambda$createTableTests$0(TableTest.java:127)
	at java.base/java.util.Optional.ifPresent(Optional.java:178)
	at java.base/java.util.ArrayList.forEach(ArrayList.java:1597)
	at java.base/java.util.ArrayList.forEach(ArrayList.java:1597)
]]></skipped>
    <system-out><![CDATA[    === Skipped: method tunings.tune is not supported in Java
]]></system-out>
  </testcase>
  <testcase name="createTests()[17]" classname="com.google.genai.TableTest" time="0.0">
    <skipped type="org.opentest4j.TestAbortedException"><![CDATA[org.opentest4j.TestAbortedException: Assumption failed:     === Skipped: method caches.get is not supported in Java
	at org.junit.jupiter.api.Assumptions.throwAssumptionFailed(Assumptions.java:316)
	at org.junit.jupiter.api.Assumptions.assumeTrue(Assumptions.java:115)
	at com.google.genai.TableTest.lambda$createTableTests$0(TableTest.java:127)
	at java.base/java.util.Optional.ifPresent(Optional.java:178)
	at java.base/java.util.ArrayList.forEach(ArrayList.java:1597)
	at java.base/java.util.ArrayList.forEach(ArrayList.java:1597)
]]></skipped>
    <system-out><![CDATA[    === Skipped: method caches.get is not supported in Java
]]></system-out>
  </testcase>
  <testcase name="createTests()[18]" classname="com.google.genai.TableTest" time="0.0">
    <skipped type="org.opentest4j.TestAbortedException"><![CDATA[org.opentest4j.TestAbortedException: Assumption failed:     === Skipped: method caches.get is not supported in Java
	at org.junit.jupiter.api.Assumptions.throwAssumptionFailed(Assumptions.java:316)
	at org.junit.jupiter.api.Assumptions.assumeTrue(Assumptions.java:115)
	at com.google.genai.TableTest.lambda$createTableTests$0(TableTest.java:127)
	at java.base/java.util.Optional.ifPresent(Optional.java:178)
	at java.base/java.util.ArrayList.forEach(ArrayList.java:1597)
	at java.base/java.util.ArrayList.forEach(ArrayList.java:1597)
]]></skipped>
    <system-out><![CDATA[    === Skipped: method caches.get is not supported in Java
]]></system-out>
  </testcase>
  <testcase name="createTests()[19]" classname="com.google.genai.TableTest" time="0.0">
    <skipped type="org.opentest4j.TestAbortedException"><![CDATA[org.opentest4j.TestAbortedException: Assumption failed:     === Skipped: method caches.create is not supported in Java
	at org.junit.jupiter.api.Assumptions.throwAssumptionFailed(Assumptions.java:316)
	at org.junit.jupiter.api.Assumptions.assumeTrue(Assumptions.java:115)
	at com.google.genai.TableTest.lambda$createTableTests$0(TableTest.java:127)
	at java.base/java.util.Optional.ifPresent(Optional.java:178)
	at java.base/java.util.ArrayList.forEach(ArrayList.java:1597)
	at java.base/java.util.ArrayList.forEach(ArrayList.java:1597)
]]></skipped>
    <system-out><![CDATA[    === Skipped: method caches.create is not supported in Java
]]></system-out>
  </testcase>
  <testcase name="createTests()[20]" classname="com.google.genai.TableTest" time="0.0">
    <skipped type="org.opentest4j.TestAbortedException"><![CDATA[org.opentest4j.TestAbortedException: Assumption failed:     === Skipped: method caches.create is not supported in Java
	at org.junit.jupiter.api.Assumptions.throwAssumptionFailed(Assumptions.java:316)
	at org.junit.jupiter.api.Assumptions.assumeTrue(Assumptions.java:115)
	at com.google.genai.TableTest.lambda$createTableTests$0(TableTest.java:127)
	at java.base/java.util.Optional.ifPresent(Optional.java:178)
	at java.base/java.util.ArrayList.forEach(ArrayList.java:1597)
	at java.base/java.util.ArrayList.forEach(ArrayList.java:1597)
]]></skipped>
    <system-out><![CDATA[    === Skipped: method caches.create is not supported in Java
]]></system-out>
  </testcase>
  <testcase name="createTests()[21]" classname="com.google.genai.TableTest" time="0.0">
    <skipped type="org.opentest4j.TestAbortedException"><![CDATA[org.opentest4j.TestAbortedException: Assumption failed:     === Skipped: method caches.list is not supported in Java
	at org.junit.jupiter.api.Assumptions.throwAssumptionFailed(Assumptions.java:316)
	at org.junit.jupiter.api.Assumptions.assumeTrue(Assumptions.java:115)
	at com.google.genai.TableTest.lambda$createTableTests$0(TableTest.java:127)
	at java.base/java.util.Optional.ifPresent(Optional.java:178)
	at java.base/java.util.ArrayList.forEach(ArrayList.java:1597)
	at java.base/java.util.ArrayList.forEach(ArrayList.java:1597)
]]></skipped>
    <system-out><![CDATA[    === Skipped: method caches.list is not supported in Java
]]></system-out>
  </testcase>
  <testcase name="createTests()[22]" classname="com.google.genai.TableTest" time="0.0">
    <skipped type="org.opentest4j.TestAbortedException"><![CDATA[org.opentest4j.TestAbortedException: Assumption failed:     === Skipped: method caches.list is not supported in Java
	at org.junit.jupiter.api.Assumptions.throwAssumptionFailed(Assumptions.java:316)
	at org.junit.jupiter.api.Assumptions.assumeTrue(Assumptions.java:115)
	at com.google.genai.TableTest.lambda$createTableTests$0(TableTest.java:127)
	at java.base/java.util.Optional.ifPresent(Optional.java:178)
	at java.base/java.util.ArrayList.forEach(ArrayList.java:1597)
	at java.base/java.util.ArrayList.forEach(ArrayList.java:1597)
]]></skipped>
    <system-out><![CDATA[    === Skipped: method caches.list is not supported in Java
]]></system-out>
  </testcase>
  <testcase name="createTests()[23]" classname="com.google.genai.TableTest" time="0.0">
    <skipped type="org.opentest4j.TestAbortedException"><![CDATA[org.opentest4j.TestAbortedException: Assumption failed:     === Skipped: method caches.delete is not supported in Java
	at org.junit.jupiter.api.Assumptions.throwAssumptionFailed(Assumptions.java:316)
	at org.junit.jupiter.api.Assumptions.assumeTrue(Assumptions.java:115)
	at com.google.genai.TableTest.lambda$createTableTests$0(TableTest.java:127)
	at java.base/java.util.Optional.ifPresent(Optional.java:178)
	at java.base/java.util.ArrayList.forEach(ArrayList.java:1597)
	at java.base/java.util.ArrayList.forEach(ArrayList.java:1597)
]]></skipped>
    <system-out><![CDATA[    === Skipped: method caches.delete is not supported in Java
]]></system-out>
  </testcase>
  <testcase name="createTests()[24]" classname="com.google.genai.TableTest" time="0.0">
    <skipped type="org.opentest4j.TestAbortedException"><![CDATA[org.opentest4j.TestAbortedException: Assumption failed:     === Skipped: method caches.delete is not supported in Java
	at org.junit.jupiter.api.Assumptions.throwAssumptionFailed(Assumptions.java:316)
	at org.junit.jupiter.api.Assumptions.assumeTrue(Assumptions.java:115)
	at com.google.genai.TableTest.lambda$createTableTests$0(TableTest.java:127)
	at java.base/java.util.Optional.ifPresent(Optional.java:178)
	at java.base/java.util.ArrayList.forEach(ArrayList.java:1597)
	at java.base/java.util.ArrayList.forEach(ArrayList.java:1597)
]]></skipped>
    <system-out><![CDATA[    === Skipped: method caches.delete is not supported in Java
]]></system-out>
  </testcase>
  <testcase name="createTests()[25]" classname="com.google.genai.TableTest" time="0.0">
    <skipped type="org.opentest4j.TestAbortedException"><![CDATA[org.opentest4j.TestAbortedException: Assumption failed:     === Skipped: method caches.get is not supported in Java
	at org.junit.jupiter.api.Assumptions.throwAssumptionFailed(Assumptions.java:316)
	at org.junit.jupiter.api.Assumptions.assumeTrue(Assumptions.java:115)
	at com.google.genai.TableTest.lambda$createTableTests$0(TableTest.java:127)
	at java.base/java.util.Optional.ifPresent(Optional.java:178)
	at java.base/java.util.ArrayList.forEach(ArrayList.java:1597)
	at java.base/java.util.ArrayList.forEach(ArrayList.java:1597)
]]></skipped>
    <system-out><![CDATA[    === Skipped: method caches.get is not supported in Java
]]></system-out>
  </testcase>
  <testcase name="createTests()[26]" classname="com.google.genai.TableTest" time="0.0">
    <skipped type="org.opentest4j.TestAbortedException"><![CDATA[org.opentest4j.TestAbortedException: Assumption failed:     === Skipped: method caches.get is not supported in Java
	at org.junit.jupiter.api.Assumptions.throwAssumptionFailed(Assumptions.java:316)
	at org.junit.jupiter.api.Assumptions.assumeTrue(Assumptions.java:115)
	at com.google.genai.TableTest.lambda$createTableTests$0(TableTest.java:127)
	at java.base/java.util.Optional.ifPresent(Optional.java:178)
	at java.base/java.util.ArrayList.forEach(ArrayList.java:1597)
	at java.base/java.util.ArrayList.forEach(ArrayList.java:1597)
]]></skipped>
    <system-out><![CDATA[    === Skipped: method caches.get is not supported in Java
]]></system-out>
  </testcase>
  <testcase name="createTests()[27]" classname="com.google.genai.TableTest" time="0.0">
    <skipped type="org.opentest4j.TestAbortedException"><![CDATA[org.opentest4j.TestAbortedException: Assumption failed:     === Skipped: method caches.delete is not supported in Java
	at org.junit.jupiter.api.Assumptions.throwAssumptionFailed(Assumptions.java:316)
	at org.junit.jupiter.api.Assumptions.assumeTrue(Assumptions.java:115)
	at com.google.genai.TableTest.lambda$createTableTests$0(TableTest.java:127)
	at java.base/java.util.Optional.ifPresent(Optional.java:178)
	at java.base/java.util.ArrayList.forEach(ArrayList.java:1597)
	at java.base/java.util.ArrayList.forEach(ArrayList.java:1597)
]]></skipped>
    <system-out><![CDATA[    === Skipped: method caches.delete is not supported in Java
]]></system-out>
  </testcase>
  <testcase name="createTests()[28]" classname="com.google.genai.TableTest" time="0.0">
    <skipped type="org.opentest4j.TestAbortedException"><![CDATA[org.opentest4j.TestAbortedException: Assumption failed:     === Skipped: method caches.delete is not supported in Java
	at org.junit.jupiter.api.Assumptions.throwAssumptionFailed(Assumptions.java:316)
	at org.junit.jupiter.api.Assumptions.assumeTrue(Assumptions.java:115)
	at com.google.genai.TableTest.lambda$createTableTests$0(TableTest.java:127)
	at java.base/java.util.Optional.ifPresent(Optional.java:178)
	at java.base/java.util.ArrayList.forEach(ArrayList.java:1597)
	at java.base/java.util.ArrayList.forEach(ArrayList.java:1597)
]]></skipped>
    <system-out><![CDATA[    === Skipped: method caches.delete is not supported in Java
]]></system-out>
  </testcase>
  <testcase name="createTests()[29]" classname="com.google.genai.TableTest" time="0.0">
    <skipped type="org.opentest4j.TestAbortedException"><![CDATA[org.opentest4j.TestAbortedException: Assumption failed:     === Skipped: method caches.create is not supported in Java
	at org.junit.jupiter.api.Assumptions.throwAssumptionFailed(Assumptions.java:316)
	at org.junit.jupiter.api.Assumptions.assumeTrue(Assumptions.java:115)
	at com.google.genai.TableTest.lambda$createTableTests$0(TableTest.java:127)
	at java.base/java.util.Optional.ifPresent(Optional.java:178)
	at java.base/java.util.ArrayList.forEach(ArrayList.java:1597)
	at java.base/java.util.ArrayList.forEach(ArrayList.java:1597)
]]></skipped>
    <system-out><![CDATA[    === Skipped: method caches.create is not supported in Java
]]></system-out>
  </testcase>
  <testcase name="createTests()[30]" classname="com.google.genai.TableTest" time="0.0">
    <skipped type="org.opentest4j.TestAbortedException"><![CDATA[org.opentest4j.TestAbortedException: Assumption failed:     === Skipped: method caches.create is not supported in Java
	at org.junit.jupiter.api.Assumptions.throwAssumptionFailed(Assumptions.java:316)
	at org.junit.jupiter.api.Assumptions.assumeTrue(Assumptions.java:115)
	at com.google.genai.TableTest.lambda$createTableTests$0(TableTest.java:127)
	at java.base/java.util.Optional.ifPresent(Optional.java:178)
	at java.base/java.util.ArrayList.forEach(ArrayList.java:1597)
	at java.base/java.util.ArrayList.forEach(ArrayList.java:1597)
]]></skipped>
    <system-out><![CDATA[    === Skipped: method caches.create is not supported in Java
]]></system-out>
  </testcase>
  <testcase name="createTests()[31]" classname="com.google.genai.TableTest" time="0.0">
    <skipped type="org.opentest4j.TestAbortedException"><![CDATA[org.opentest4j.TestAbortedException: Assumption failed:     === Skipped: method caches.update is not supported in Java
	at org.junit.jupiter.api.Assumptions.throwAssumptionFailed(Assumptions.java:316)
	at org.junit.jupiter.api.Assumptions.assumeTrue(Assumptions.java:115)
	at com.google.genai.TableTest.lambda$createTableTests$0(TableTest.java:127)
	at java.base/java.util.Optional.ifPresent(Optional.java:178)
	at java.base/java.util.ArrayList.forEach(ArrayList.java:1597)
	at java.base/java.util.ArrayList.forEach(ArrayList.java:1597)
]]></skipped>
    <system-out><![CDATA[    === Skipped: method caches.update is not supported in Java
]]></system-out>
  </testcase>
  <testcase name="createTests()[32]" classname="com.google.genai.TableTest" time="0.0">
    <skipped type="org.opentest4j.TestAbortedException"><![CDATA[org.opentest4j.TestAbortedException: Assumption failed:     === Skipped: method caches.update is not supported in Java
	at org.junit.jupiter.api.Assumptions.throwAssumptionFailed(Assumptions.java:316)
	at org.junit.jupiter.api.Assumptions.assumeTrue(Assumptions.java:115)
	at com.google.genai.TableTest.lambda$createTableTests$0(TableTest.java:127)
	at java.base/java.util.Optional.ifPresent(Optional.java:178)
	at java.base/java.util.ArrayList.forEach(ArrayList.java:1597)
	at java.base/java.util.ArrayList.forEach(ArrayList.java:1597)
]]></skipped>
    <system-out><![CDATA[    === Skipped: method caches.update is not supported in Java
]]></system-out>
  </testcase>
  <testcase name="createTests()[33]" classname="com.google.genai.TableTest" time="0.0">
    <skipped type="org.opentest4j.TestAbortedException"><![CDATA[org.opentest4j.TestAbortedException: Assumption failed:     === Skipped: method caches.update is not supported in Java
	at org.junit.jupiter.api.Assumptions.throwAssumptionFailed(Assumptions.java:316)
	at org.junit.jupiter.api.Assumptions.assumeTrue(Assumptions.java:115)
	at com.google.genai.TableTest.lambda$createTableTests$0(TableTest.java:127)
	at java.base/java.util.Optional.ifPresent(Optional.java:178)
	at java.base/java.util.ArrayList.forEach(ArrayList.java:1597)
	at java.base/java.util.ArrayList.forEach(ArrayList.java:1597)
]]></skipped>
    <system-out><![CDATA[    === Skipped: method caches.update is not supported in Java
]]></system-out>
  </testcase>
  <testcase name="createTests()[34]" classname="com.google.genai.TableTest" time="0.0">
    <skipped type="org.opentest4j.TestAbortedException"><![CDATA[org.opentest4j.TestAbortedException: Assumption failed:     === Skipped: method caches.update is not supported in Java
	at org.junit.jupiter.api.Assumptions.throwAssumptionFailed(Assumptions.java:316)
	at org.junit.jupiter.api.Assumptions.assumeTrue(Assumptions.java:115)
	at com.google.genai.TableTest.lambda$createTableTests$0(TableTest.java:127)
	at java.base/java.util.Optional.ifPresent(Optional.java:178)
	at java.base/java.util.ArrayList.forEach(ArrayList.java:1597)
	at java.base/java.util.ArrayList.forEach(ArrayList.java:1597)
]]></skipped>
    <system-out><![CDATA[    === Skipped: method caches.update is not supported in Java
]]></system-out>
  </testcase>
  <testcase name="createTests()[35]" classname="com.google.genai.TableTest" time="3.032"/>
  <testcase name="createTests()[36]" classname="com.google.genai.TableTest" time="0.0">
    <skipped type="org.opentest4j.TestAbortedException"><![CDATA[org.opentest4j.TestAbortedException: Assumption failed: Skipped: test case is expected to fail in MLDev
	at org.junit.jupiter.api.Assumptions.throwAssumptionFailed(Assumptions.java:316)
	at org.junit.jupiter.api.Assumptions.assumeTrue(Assumptions.java:115)
	at com.google.genai.TableTest.lambda$createTestCases$2(TableTest.java:214)
	at java.base/java.util.Optional.ifPresent(Optional.java:178)
	at java.base/java.util.ArrayList.forEach(ArrayList.java:1597)
	at java.base/java.util.ArrayList.forEach(ArrayList.java:1597)
]]></skipped>
  </testcase>
  <testcase name="createTests()[37]" classname="com.google.genai.TableTest" time="0.0">
    <skipped type="org.opentest4j.TestAbortedException"><![CDATA[org.opentest4j.TestAbortedException: Assumption failed: Skipped: test case is expected to fail in MLDev
	at org.junit.jupiter.api.Assumptions.throwAssumptionFailed(Assumptions.java:316)
	at org.junit.jupiter.api.Assumptions.assumeTrue(Assumptions.java:115)
	at com.google.genai.TableTest.lambda$createTestCases$2(TableTest.java:214)
	at java.base/java.util.Optional.ifPresent(Optional.java:178)
	at java.base/java.util.ArrayList.forEach(ArrayList.java:1597)
	at java.base/java.util.ArrayList.forEach(ArrayList.java:1597)
]]></skipped>
  </testcase>
  <testcase name="createTests()[38]" classname="com.google.genai.TableTest" time="0.0">
    <skipped type="org.opentest4j.TestAbortedException"><![CDATA[org.opentest4j.TestAbortedException: Assumption failed: Skipped: test case is expected to fail in MLDev
	at org.junit.jupiter.api.Assumptions.throwAssumptionFailed(Assumptions.java:316)
	at org.junit.jupiter.api.Assumptions.assumeTrue(Assumptions.java:115)
	at com.google.genai.TableTest.lambda$createTestCases$2(TableTest.java:214)
	at java.base/java.util.Optional.ifPresent(Optional.java:178)
	at java.base/java.util.ArrayList.forEach(ArrayList.java:1597)
	at java.base/java.util.ArrayList.forEach(ArrayList.java:1597)
]]></skipped>
  </testcase>
  <testcase name="createTests()[39]" classname="com.google.genai.TableTest" time="0.26"/>
  <testcase name="createTests()[40]" classname="com.google.genai.TableTest" time="4.3"/>
  <testcase name="createTests()[41]" classname="com.google.genai.TableTest" time="2.61"/>
  <testcase name="createTests()[42]" classname="com.google.genai.TableTest" time="3.235"/>
  <testcase name="createTests()[43]" classname="com.google.genai.TableTest" time="0.0">
    <skipped type="org.opentest4j.TestAbortedException"><![CDATA[org.opentest4j.TestAbortedException: Assumption failed: Skipped: test case is expected to fail in Vertex AI
	at org.junit.jupiter.api.Assumptions.throwAssumptionFailed(Assumptions.java:316)
	at org.junit.jupiter.api.Assumptions.assumeTrue(Assumptions.java:115)
	at com.google.genai.TableTest.lambda$createTestCases$2(TableTest.java:217)
	at java.base/java.util.Optional.ifPresent(Optional.java:178)
	at java.base/java.util.ArrayList.forEach(ArrayList.java:1597)
	at java.base/java.util.ArrayList.forEach(ArrayList.java:1597)
]]></skipped>
  </testcase>
  <testcase name="createTests()[44]" classname="com.google.genai.TableTest" time="2.753"/>
  <testcase name="createTests()[45]" classname="com.google.genai.TableTest" time="0.32"/>
  <testcase name="createTests()[46]" classname="com.google.genai.TableTest" time="0.0">
    <skipped type="org.opentest4j.TestAbortedException"><![CDATA[org.opentest4j.TestAbortedException: Assumption failed: Skipped: Model gemini-1.5-flash-001 does not support code execution for Vertex API.
	at org.junit.jupiter.api.Assumptions.throwAssumptionFailed(Assumptions.java:316)
	at org.junit.jupiter.api.Assumptions.assumeTrue(Assumptions.java:115)
	at com.google.genai.TableTest.lambda$createTestCases$2(TableTest.java:208)
	at java.base/java.util.Optional.ifPresent(Optional.java:178)
	at java.base/java.util.ArrayList.forEach(ArrayList.java:1597)
	at java.base/java.util.ArrayList.forEach(ArrayList.java:1597)
]]></skipped>
    <system-out><![CDATA[    === Skipped: Model gemini-1.5-flash-001 does not support code execution for Vertex API.
]]></system-out>
  </testcase>
  <testcase name="createTests()[47]" classname="com.google.genai.TableTest" time="0.0">
    <skipped type="org.opentest4j.TestAbortedException"><![CDATA[org.opentest4j.TestAbortedException: Assumption failed:     === Skipped: method models.generate_videos is not supported in Java
	at org.junit.jupiter.api.Assumptions.throwAssumptionFailed(Assumptions.java:316)
	at org.junit.jupiter.api.Assumptions.assumeTrue(Assumptions.java:115)
	at com.google.genai.TableTest.lambda$createTableTests$0(TableTest.java:127)
	at java.base/java.util.Optional.ifPresent(Optional.java:178)
	at java.base/java.util.ArrayList.forEach(ArrayList.java:1597)
	at java.base/java.util.ArrayList.forEach(ArrayList.java:1597)
]]></skipped>
    <system-out><![CDATA[    === Skipped: method models.generate_videos is not supported in Java
]]></system-out>
  </testcase>
  <testcase name="createTests()[48]" classname="com.google.genai.TableTest" time="0.0">
    <skipped type="org.opentest4j.TestAbortedException"><![CDATA[org.opentest4j.TestAbortedException: Assumption failed:     === Skipped: method models.generate_videos is not supported in Java
	at org.junit.jupiter.api.Assumptions.throwAssumptionFailed(Assumptions.java:316)
	at org.junit.jupiter.api.Assumptions.assumeTrue(Assumptions.java:115)
	at com.google.genai.TableTest.lambda$createTableTests$0(TableTest.java:127)
	at java.base/java.util.Optional.ifPresent(Optional.java:178)
	at java.base/java.util.ArrayList.forEach(ArrayList.java:1597)
	at java.base/java.util.ArrayList.forEach(ArrayList.java:1597)
]]></skipped>
    <system-out><![CDATA[    === Skipped: method models.generate_videos is not supported in Java
]]></system-out>
  </testcase>
  <testcase name="createTests()[49]" classname="com.google.genai.TableTest" time="0.0">
    <skipped type="org.opentest4j.TestAbortedException"><![CDATA[org.opentest4j.TestAbortedException: Assumption failed: Skipped: test case is expected to fail in MLDev
	at org.junit.jupiter.api.Assumptions.throwAssumptionFailed(Assumptions.java:316)
	at org.junit.jupiter.api.Assumptions.assumeTrue(Assumptions.java:115)
	at com.google.genai.TableTest.lambda$createTestCases$2(TableTest.java:214)
	at java.base/java.util.Optional.ifPresent(Optional.java:178)
	at java.base/java.util.ArrayList.forEach(ArrayList.java:1597)
	at java.base/java.util.ArrayList.forEach(ArrayList.java:1597)
]]></skipped>
  </testcase>
  <testcase name="createTests()[50]" classname="com.google.genai.TableTest" time="0.0">
    <skipped type="org.opentest4j.TestAbortedException"><![CDATA[org.opentest4j.TestAbortedException: Assumption failed: Skipped: CachedContent API has expiration and permission issues
	at org.junit.jupiter.api.Assumptions.throwAssumptionFailed(Assumptions.java:316)
	at org.junit.jupiter.api.Assumptions.assumeTrue(Assumptions.java:115)
	at com.google.genai.TableTest.lambda$createTestCases$2(TableTest.java:208)
	at java.base/java.util.Optional.ifPresent(Optional.java:178)
	at java.base/java.util.ArrayList.forEach(ArrayList.java:1597)
	at java.base/java.util.ArrayList.forEach(ArrayList.java:1597)
]]></skipped>
    <system-out><![CDATA[    === Skipped: CachedContent API has expiration and permission issues
]]></system-out>
  </testcase>
  <testcase name="createTests()[51]" classname="com.google.genai.TableTest" time="0.0">
    <skipped type="org.opentest4j.TestAbortedException"><![CDATA[org.opentest4j.TestAbortedException: Assumption failed: Skipped: CachedContent API has expiration and permission issues
	at org.junit.jupiter.api.Assumptions.throwAssumptionFailed(Assumptions.java:316)
	at org.junit.jupiter.api.Assumptions.assumeTrue(Assumptions.java:115)
	at com.google.genai.TableTest.lambda$createTestCases$2(TableTest.java:208)
	at java.base/java.util.Optional.ifPresent(Optional.java:178)
	at java.base/java.util.ArrayList.forEach(ArrayList.java:1597)
	at java.base/java.util.ArrayList.forEach(ArrayList.java:1597)
]]></skipped>
    <system-out><![CDATA[    === Skipped: CachedContent API has expiration and permission issues
]]></system-out>
  </testcase>
  <testcase name="createTests()[52]" classname="com.google.genai.TableTest" time="0.0">
    <skipped type="org.opentest4j.TestAbortedException"><![CDATA[org.opentest4j.TestAbortedException: Assumption failed: Skipped: CachedContent API has expiration and permission issues
	at org.junit.jupiter.api.Assumptions.throwAssumptionFailed(Assumptions.java:316)
	at org.junit.jupiter.api.Assumptions.assumeTrue(Assumptions.java:115)
	at com.google.genai.TableTest.lambda$createTestCases$2(TableTest.java:208)
	at java.base/java.util.Optional.ifPresent(Optional.java:178)
	at java.base/java.util.ArrayList.forEach(ArrayList.java:1597)
	at java.base/java.util.ArrayList.forEach(ArrayList.java:1597)
]]></skipped>
    <system-out><![CDATA[    === Skipped: CachedContent API has expiration and permission issues
]]></system-out>
  </testcase>
  <testcase name="createTests()[53]" classname="com.google.genai.TableTest" time="0.0">
    <skipped type="org.opentest4j.TestAbortedException"><![CDATA[org.opentest4j.TestAbortedException: Assumption failed: Skipped: CachedContent API has expiration and permission issues
	at org.junit.jupiter.api.Assumptions.throwAssumptionFailed(Assumptions.java:316)
	at org.junit.jupiter.api.Assumptions.assumeTrue(Assumptions.java:115)
	at com.google.genai.TableTest.lambda$createTestCases$2(TableTest.java:208)
	at java.base/java.util.Optional.ifPresent(Optional.java:178)
	at java.base/java.util.ArrayList.forEach(ArrayList.java:1597)
	at java.base/java.util.ArrayList.forEach(ArrayList.java:1597)
]]></skipped>
    <system-out><![CDATA[    === Skipped: CachedContent API has expiration and permission issues
]]></system-out>
  </testcase>
  <testcase name="createTests()[54]" classname="com.google.genai.TableTest" time="0.0">
    <skipped type="org.opentest4j.TestAbortedException"><![CDATA[org.opentest4j.TestAbortedException: Assumption failed: Skipped: CachedContent API has expiration and permission issues
	at org.junit.jupiter.api.Assumptions.throwAssumptionFailed(Assumptions.java:316)
	at org.junit.jupiter.api.Assumptions.assumeTrue(Assumptions.java:115)
	at com.google.genai.TableTest.lambda$createTestCases$2(TableTest.java:208)
	at java.base/java.util.Optional.ifPresent(Optional.java:178)
	at java.base/java.util.ArrayList.forEach(ArrayList.java:1597)
	at java.base/java.util.ArrayList.forEach(ArrayList.java:1597)
]]></skipped>
    <system-out><![CDATA[    === Skipped: CachedContent API has expiration and permission issues
]]></system-out>
  </testcase>
  <testcase name="createTests()[55]" classname="com.google.genai.TableTest" time="0.0">
    <skipped type="org.opentest4j.TestAbortedException"><![CDATA[org.opentest4j.TestAbortedException: Assumption failed: Skipped: CachedContent API has expiration and permission issues
	at org.junit.jupiter.api.Assumptions.throwAssumptionFailed(Assumptions.java:316)
	at org.junit.jupiter.api.Assumptions.assumeTrue(Assumptions.java:115)
	at com.google.genai.TableTest.lambda$createTestCases$2(TableTest.java:208)
	at java.base/java.util.Optional.ifPresent(Optional.java:178)
	at java.base/java.util.ArrayList.forEach(ArrayList.java:1597)
	at java.base/java.util.ArrayList.forEach(ArrayList.java:1597)
]]></skipped>
    <system-out><![CDATA[    === Skipped: CachedContent API has expiration and permission issues
]]></system-out>
  </testcase>
  <testcase name="createTests()[56]" classname="com.google.genai.TableTest" time="0.0">
    <skipped type="org.opentest4j.TestAbortedException"><![CDATA[org.opentest4j.TestAbortedException: Assumption failed: Skipped: test case is expected to fail in Vertex AI
	at org.junit.jupiter.api.Assumptions.throwAssumptionFailed(Assumptions.java:316)
	at org.junit.jupiter.api.Assumptions.assumeTrue(Assumptions.java:115)
	at com.google.genai.TableTest.lambda$createTestCases$2(TableTest.java:217)
	at java.base/java.util.Optional.ifPresent(Optional.java:178)
	at java.base/java.util.ArrayList.forEach(ArrayList.java:1597)
	at java.base/java.util.ArrayList.forEach(ArrayList.java:1597)
]]></skipped>
  </testcase>
  <testcase name="createTests()[57]" classname="com.google.genai.TableTest" time="0.0">
    <skipped type="org.opentest4j.TestAbortedException"><![CDATA[org.opentest4j.TestAbortedException: Assumption failed: Skipped: CachedContent API has expiration and permission issues
	at org.junit.jupiter.api.Assumptions.throwAssumptionFailed(Assumptions.java:316)
	at org.junit.jupiter.api.Assumptions.assumeTrue(Assumptions.java:115)
	at com.google.genai.TableTest.lambda$createTestCases$2(TableTest.java:208)
	at java.base/java.util.Optional.ifPresent(Optional.java:178)
	at java.base/java.util.ArrayList.forEach(ArrayList.java:1597)
	at java.base/java.util.ArrayList.forEach(ArrayList.java:1597)
]]></skipped>
    <system-out><![CDATA[    === Skipped: CachedContent API has expiration and permission issues
]]></system-out>
  </testcase>
  <testcase name="createTests()[58]" classname="com.google.genai.TableTest" time="0.0">
    <skipped type="org.opentest4j.TestAbortedException"><![CDATA[org.opentest4j.TestAbortedException: Assumption failed: Skipped: CachedContent API has expiration and permission issues
	at org.junit.jupiter.api.Assumptions.throwAssumptionFailed(Assumptions.java:316)
	at org.junit.jupiter.api.Assumptions.assumeTrue(Assumptions.java:115)
	at com.google.genai.TableTest.lambda$createTestCases$2(TableTest.java:208)
	at java.base/java.util.Optional.ifPresent(Optional.java:178)
	at java.base/java.util.ArrayList.forEach(ArrayList.java:1597)
	at java.base/java.util.ArrayList.forEach(ArrayList.java:1597)
]]></skipped>
    <system-out><![CDATA[    === Skipped: CachedContent API has expiration and permission issues
]]></system-out>
  </testcase>
  <testcase name="createTests()[59]" classname="com.google.genai.TableTest" time="0.0">
    <skipped type="org.opentest4j.TestAbortedException"><![CDATA[org.opentest4j.TestAbortedException: Assumption failed: Skipped: CachedContent API has expiration and permission issues
	at org.junit.jupiter.api.Assumptions.throwAssumptionFailed(Assumptions.java:316)
	at org.junit.jupiter.api.Assumptions.assumeTrue(Assumptions.java:115)
	at com.google.genai.TableTest.lambda$createTestCases$2(TableTest.java:208)
	at java.base/java.util.Optional.ifPresent(Optional.java:178)
	at java.base/java.util.ArrayList.forEach(ArrayList.java:1597)
	at java.base/java.util.ArrayList.forEach(ArrayList.java:1597)
]]></skipped>
    <system-out><![CDATA[    === Skipped: CachedContent API has expiration and permission issues
]]></system-out>
  </testcase>
  <testcase name="createTests()[60]" classname="com.google.genai.TableTest" time="0.0">
    <skipped type="org.opentest4j.TestAbortedException"><![CDATA[org.opentest4j.TestAbortedException: Assumption failed: Skipped: CachedContent API has expiration and permission issues
	at org.junit.jupiter.api.Assumptions.throwAssumptionFailed(Assumptions.java:316)
	at org.junit.jupiter.api.Assumptions.assumeTrue(Assumptions.java:115)
	at com.google.genai.TableTest.lambda$createTestCases$2(TableTest.java:208)
	at java.base/java.util.Optional.ifPresent(Optional.java:178)
	at java.base/java.util.ArrayList.forEach(ArrayList.java:1597)
	at java.base/java.util.ArrayList.forEach(ArrayList.java:1597)
]]></skipped>
    <system-out><![CDATA[    === Skipped: CachedContent API has expiration and permission issues
]]></system-out>
  </testcase>
  <testcase name="createTests()[61]" classname="com.google.genai.TableTest" time="0.0">
    <skipped type="org.opentest4j.TestAbortedException"><![CDATA[org.opentest4j.TestAbortedException: Assumption failed: Skipped: CachedContent API has expiration and permission issues
	at org.junit.jupiter.api.Assumptions.throwAssumptionFailed(Assumptions.java:316)
	at org.junit.jupiter.api.Assumptions.assumeTrue(Assumptions.java:115)
	at com.google.genai.TableTest.lambda$createTestCases$2(TableTest.java:208)
	at java.base/java.util.Optional.ifPresent(Optional.java:178)
	at java.base/java.util.ArrayList.forEach(ArrayList.java:1597)
	at java.base/java.util.ArrayList.forEach(ArrayList.java:1597)
]]></skipped>
    <system-out><![CDATA[    === Skipped: CachedContent API has expiration and permission issues
]]></system-out>
  </testcase>
  <testcase name="createTests()[62]" classname="com.google.genai.TableTest" time="0.0">
    <skipped type="org.opentest4j.TestAbortedException"><![CDATA[org.opentest4j.TestAbortedException: Assumption failed: Skipped: CachedContent API has expiration and permission issues
	at org.junit.jupiter.api.Assumptions.throwAssumptionFailed(Assumptions.java:316)
	at org.junit.jupiter.api.Assumptions.assumeTrue(Assumptions.java:115)
	at com.google.genai.TableTest.lambda$createTestCases$2(TableTest.java:208)
	at java.base/java.util.Optional.ifPresent(Optional.java:178)
	at java.base/java.util.ArrayList.forEach(ArrayList.java:1597)
	at java.base/java.util.ArrayList.forEach(ArrayList.java:1597)
]]></skipped>
    <system-out><![CDATA[    === Skipped: CachedContent API has expiration and permission issues
]]></system-out>
  </testcase>
  <testcase name="createTests()[63]" classname="com.google.genai.TableTest" time="0.0">
    <skipped type="org.opentest4j.TestAbortedException"><![CDATA[org.opentest4j.TestAbortedException: Assumption failed: Skipped: test case is expected to fail in MLDev
	at org.junit.jupiter.api.Assumptions.throwAssumptionFailed(Assumptions.java:316)
	at org.junit.jupiter.api.Assumptions.assumeTrue(Assumptions.java:115)
	at com.google.genai.TableTest.lambda$createTestCases$2(TableTest.java:214)
	at java.base/java.util.Optional.ifPresent(Optional.java:178)
	at java.base/java.util.ArrayList.forEach(ArrayList.java:1597)
	at java.base/java.util.ArrayList.forEach(ArrayList.java:1597)
]]></skipped>
  </testcase>
  <testcase name="createTests()[64]" classname="com.google.genai.TableTest" time="0.0">
    <skipped type="org.opentest4j.TestAbortedException"><![CDATA[org.opentest4j.TestAbortedException: Assumption failed: Skipped: test case is expected to fail in MLDev
	at org.junit.jupiter.api.Assumptions.throwAssumptionFailed(Assumptions.java:316)
	at org.junit.jupiter.api.Assumptions.assumeTrue(Assumptions.java:115)
	at com.google.genai.TableTest.lambda$createTestCases$2(TableTest.java:214)
	at java.base/java.util.Optional.ifPresent(Optional.java:178)
	at java.base/java.util.ArrayList.forEach(ArrayList.java:1597)
	at java.base/java.util.ArrayList.forEach(ArrayList.java:1597)
]]></skipped>
  </testcase>
  <testcase name="createTests()[65]" classname="com.google.genai.TableTest" time="0.0">
    <skipped type="org.opentest4j.TestAbortedException"><![CDATA[org.opentest4j.TestAbortedException: Assumption failed: Skipped: Name of the file is hardcoded, only supporting replay mode.
	at org.junit.jupiter.api.Assumptions.throwAssumptionFailed(Assumptions.java:316)
	at org.junit.jupiter.api.Assumptions.assumeTrue(Assumptions.java:115)
	at com.google.genai.TableTest.lambda$createTestCases$2(TableTest.java:208)
	at java.base/java.util.Optional.ifPresent(Optional.java:178)
	at java.base/java.util.ArrayList.forEach(ArrayList.java:1597)
	at java.base/java.util.ArrayList.forEach(ArrayList.java:1597)
]]></skipped>
    <system-out><![CDATA[    === Skipped: Name of the file is hardcoded, only supporting replay mode.
]]></system-out>
  </testcase>
  <testcase name="createTests()[66]" classname="com.google.genai.TableTest" time="0.0">
    <skipped type="org.opentest4j.TestAbortedException"><![CDATA[org.opentest4j.TestAbortedException: Assumption failed: Skipped: Name of the file is hardcoded, only supporting replay mode.
	at org.junit.jupiter.api.Assumptions.throwAssumptionFailed(Assumptions.java:316)
	at org.junit.jupiter.api.Assumptions.assumeTrue(Assumptions.java:115)
	at com.google.genai.TableTest.lambda$createTestCases$2(TableTest.java:208)
	at java.base/java.util.Optional.ifPresent(Optional.java:178)
	at java.base/java.util.ArrayList.forEach(ArrayList.java:1597)
	at java.base/java.util.ArrayList.forEach(ArrayList.java:1597)
]]></skipped>
    <system-out><![CDATA[    === Skipped: Name of the file is hardcoded, only supporting replay mode.
]]></system-out>
  </testcase>
  <testcase name="createTests()[67]" classname="com.google.genai.TableTest" time="0.0">
    <skipped type="org.opentest4j.TestAbortedException"><![CDATA[org.opentest4j.TestAbortedException: Assumption failed: Skipped: Name of the file is hardcoded, only supporting replay mode.
	at org.junit.jupiter.api.Assumptions.throwAssumptionFailed(Assumptions.java:316)
	at org.junit.jupiter.api.Assumptions.assumeTrue(Assumptions.java:115)
	at com.google.genai.TableTest.lambda$createTestCases$2(TableTest.java:208)
	at java.base/java.util.Optional.ifPresent(Optional.java:178)
	at java.base/java.util.ArrayList.forEach(ArrayList.java:1597)
	at java.base/java.util.ArrayList.forEach(ArrayList.java:1597)
]]></skipped>
    <system-out><![CDATA[    === Skipped: Name of the file is hardcoded, only supporting replay mode.
]]></system-out>
  </testcase>
  <testcase name="createTests()[68]" classname="com.google.genai.TableTest" time="0.0">
    <skipped type="org.opentest4j.TestAbortedException"><![CDATA[org.opentest4j.TestAbortedException: Assumption failed: Skipped: Name of the file is hardcoded, only supporting replay mode.
	at org.junit.jupiter.api.Assumptions.throwAssumptionFailed(Assumptions.java:316)
	at org.junit.jupiter.api.Assumptions.assumeTrue(Assumptions.java:115)
	at com.google.genai.TableTest.lambda$createTestCases$2(TableTest.java:208)
	at java.base/java.util.Optional.ifPresent(Optional.java:178)
	at java.base/java.util.ArrayList.forEach(ArrayList.java:1597)
	at java.base/java.util.ArrayList.forEach(ArrayList.java:1597)
]]></skipped>
    <system-out><![CDATA[    === Skipped: Name of the file is hardcoded, only supporting replay mode.
]]></system-out>
  </testcase>
  <testcase name="createTests()[69]" classname="com.google.genai.TableTest" time="0.0">
    <skipped type="org.opentest4j.TestAbortedException"><![CDATA[org.opentest4j.TestAbortedException: Assumption failed: Skipped: Name of the file is hardcoded, only supporting replay mode.
	at org.junit.jupiter.api.Assumptions.throwAssumptionFailed(Assumptions.java:316)
	at org.junit.jupiter.api.Assumptions.assumeTrue(Assumptions.java:115)
	at com.google.genai.TableTest.lambda$createTestCases$2(TableTest.java:208)
	at java.base/java.util.Optional.ifPresent(Optional.java:178)
	at java.base/java.util.ArrayList.forEach(ArrayList.java:1597)
	at java.base/java.util.ArrayList.forEach(ArrayList.java:1597)
]]></skipped>
    <system-out><![CDATA[    === Skipped: Name of the file is hardcoded, only supporting replay mode.
]]></system-out>
  </testcase>
  <testcase name="createTests()[70]" classname="com.google.genai.TableTest" time="0.0">
    <skipped type="org.opentest4j.TestAbortedException"><![CDATA[org.opentest4j.TestAbortedException: Assumption failed: Skipped: Name of the file is hardcoded, only supporting replay mode.
	at org.junit.jupiter.api.Assumptions.throwAssumptionFailed(Assumptions.java:316)
	at org.junit.jupiter.api.Assumptions.assumeTrue(Assumptions.java:115)
	at com.google.genai.TableTest.lambda$createTestCases$2(TableTest.java:208)
	at java.base/java.util.Optional.ifPresent(Optional.java:178)
	at java.base/java.util.ArrayList.forEach(ArrayList.java:1597)
	at java.base/java.util.ArrayList.forEach(ArrayList.java:1597)
]]></skipped>
    <system-out><![CDATA[    === Skipped: Name of the file is hardcoded, only supporting replay mode.
]]></system-out>
  </testcase>
  <testcase name="createTests()[71]" classname="com.google.genai.TableTest" time="0.615"/>
  <testcase name="createTests()[72]" classname="com.google.genai.TableTest" time="0.0">
    <skipped type="org.opentest4j.TestAbortedException"><![CDATA[org.opentest4j.TestAbortedException: Assumption failed:     === Skipped: parameters contain unsupported union type
	at org.junit.jupiter.api.Assumptions.throwAssumptionFailed(Assumptions.java:316)
	at org.junit.jupiter.api.Assumptions.assumeTrue(Assumptions.java:115)
	at com.google.genai.TableTest.lambda$createTestCases$1(TableTest.java:170)
	at java.base/java.util.Optional.ifPresent(Optional.java:178)
	at java.base/java.util.ArrayList.forEach(ArrayList.java:1597)
	at java.base/java.util.ArrayList.forEach(ArrayList.java:1597)
]]></skipped>
    <system-out><![CDATA[    === Skipped: parameters contain unsupported union type
]]></system-out>
  </testcase>
  <testcase name="createTests()[73]" classname="com.google.genai.TableTest" time="0.419"/>
  <testcase name="createTests()[74]" classname="com.google.genai.TableTest" time="0.0">
    <skipped type="org.opentest4j.TestAbortedException"><![CDATA[org.opentest4j.TestAbortedException: Assumption failed:     === Skipped: parameters contain unsupported union type
	at org.junit.jupiter.api.Assumptions.throwAssumptionFailed(Assumptions.java:316)
	at org.junit.jupiter.api.Assumptions.assumeTrue(Assumptions.java:115)
	at com.google.genai.TableTest.lambda$createTestCases$1(TableTest.java:170)
	at java.base/java.util.Optional.ifPresent(Optional.java:178)
	at java.base/java.util.ArrayList.forEach(ArrayList.java:1597)
	at java.base/java.util.ArrayList.forEach(ArrayList.java:1597)
]]></skipped>
    <system-out><![CDATA[    === Skipped: parameters contain unsupported union type
]]></system-out>
  </testcase>
  <testcase name="createTests()[75]" classname="com.google.genai.TableTest" time="0.845"/>
  <testcase name="createTests()[76]" classname="com.google.genai.TableTest" time="0.946"/>
  <testcase name="createTests()[77]" classname="com.google.genai.TableTest" time="0.0">
    <skipped type="org.opentest4j.TestAbortedException"><![CDATA[org.opentest4j.TestAbortedException: Assumption failed: Skipped: Name of the file is hardcoded, only supporting replay mode.
	at org.junit.jupiter.api.Assumptions.throwAssumptionFailed(Assumptions.java:316)
	at org.junit.jupiter.api.Assumptions.assumeTrue(Assumptions.java:115)
	at com.google.genai.TableTest.lambda$createTestCases$2(TableTest.java:208)
	at java.base/java.util.Optional.ifPresent(Optional.java:178)
	at java.base/java.util.ArrayList.forEach(ArrayList.java:1597)
	at java.base/java.util.ArrayList.forEach(ArrayList.java:1597)
]]></skipped>
    <system-out><![CDATA[    === Skipped: Name of the file is hardcoded, only supporting replay mode.
]]></system-out>
  </testcase>
  <testcase name="createTests()[78]" classname="com.google.genai.TableTest" time="0.0">
[...]
	at java.base/java.util.ArrayList.forEach(ArrayList.java:1597)
	at java.base/java.util.ArrayList.forEach(ArrayList.java:1597)
]]></skipped>
  </testcase>
  <testcase name="createTests()[158]" classname="com.google.genai.TableTest" time="7.767"/>
  <testcase name="createTests()[159]" classname="com.google.genai.TableTest" time="6.811"/>
  <testcase name="createTests()[160]" classname="com.google.genai.TableTest" time="7.982"/>
  <testcase name="createTests()[161]" classname="com.google.genai.TableTest" time="6.983"/>
  <testcase name="createTests()[162]" classname="com.google.genai.TableTest" time="6.712"/>
  <testcase name="createTests()[163]" classname="com.google.genai.TableTest" time="8.94"/>
  <testcase name="createTests()[164]" classname="com.google.genai.TableTest" time="6.444"/>
  <testcase name="createTests()[165]" classname="com.google.genai.TableTest" time="7.921"/>
  <testcase name="createTests()[166]" classname="com.google.genai.TableTest" time="7.808"/>
  <testcase name="createTests()[167]" classname="com.google.genai.TableTest" time="7.471"/>
  <testcase name="createTests()[168]" classname="com.google.genai.TableTest" time="7.489"/>
  <testcase name="createTests()[169]" classname="com.google.genai.TableTest" time="8.201"/>
  <testcase name="createTests()[170]" classname="com.google.genai.TableTest" time="7.824"/>
  <testcase name="createTests()[171]" classname="com.google.genai.TableTest" time="7.736"/>
  <testcase name="createTests()[172]" classname="com.google.genai.TableTest" time="0.0">
    <skipped type="org.opentest4j.TestAbortedException"><![CDATA[org.opentest4j.TestAbortedException: Assumption failed: Skipped: test case is expected to fail in MLDev
	at org.junit.jupiter.api.Assumptions.throwAssumptionFailed(Assumptions.java:316)
	at org.junit.jupiter.api.Assumptions.assumeTrue(Assumptions.java:115)
	at com.google.genai.TableTest.lambda$createTestCases$2(TableTest.java:214)
	at java.base/java.util.Optional.ifPresent(Optional.java:178)
	at java.base/java.util.ArrayList.forEach(ArrayList.java:1597)
	at java.base/java.util.ArrayList.forEach(ArrayList.java:1597)
]]></skipped>
  </testcase>
  <testcase name="createTests()[173]" classname="com.google.genai.TableTest" time="6.749"/>
  <testcase name="createTests()[174]" classname="com.google.genai.TableTest" time="0.0">
    <skipped type="org.opentest4j.TestAbortedException"><![CDATA[org.opentest4j.TestAbortedException: Assumption failed:     === Skipped: method models.list is not supported in Java
	at org.junit.jupiter.api.Assumptions.throwAssumptionFailed(Assumptions.java:316)
	at org.junit.jupiter.api.Assumptions.assumeTrue(Assumptions.java:115)
	at com.google.genai.TableTest.lambda$createTableTests$0(TableTest.java:127)
	at java.base/java.util.Optional.ifPresent(Optional.java:178)
	at java.base/java.util.ArrayList.forEach(ArrayList.java:1597)
	at java.base/java.util.ArrayList.forEach(ArrayList.java:1597)
]]></skipped>
    <system-out><![CDATA[    === Skipped: method models.list is not supported in Java
]]></system-out>
  </testcase>
  <testcase name="createTests()[175]" classname="com.google.genai.TableTest" time="0.0">
    <skipped type="org.opentest4j.TestAbortedException"><![CDATA[org.opentest4j.TestAbortedException: Assumption failed:     === Skipped: method models.list is not supported in Java
	at org.junit.jupiter.api.Assumptions.throwAssumptionFailed(Assumptions.java:316)
	at org.junit.jupiter.api.Assumptions.assumeTrue(Assumptions.java:115)
	at com.google.genai.TableTest.lambda$createTableTests$0(TableTest.java:127)
	at java.base/java.util.Optional.ifPresent(Optional.java:178)
	at java.base/java.util.ArrayList.forEach(ArrayList.java:1597)
	at java.base/java.util.ArrayList.forEach(ArrayList.java:1597)
]]></skipped>
    <system-out><![CDATA[    === Skipped: method models.list is not supported in Java
]]></system-out>
  </testcase>
  <testcase name="createTests()[176]" classname="com.google.genai.TableTest" time="0.0">
    <skipped type="org.opentest4j.TestAbortedException"><![CDATA[org.opentest4j.TestAbortedException: Assumption failed:     === Skipped: method models.count_tokens is not supported in Java
	at org.junit.jupiter.api.Assumptions.throwAssumptionFailed(Assumptions.java:316)
	at org.junit.jupiter.api.Assumptions.assumeTrue(Assumptions.java:115)
	at com.google.genai.TableTest.lambda$createTableTests$0(TableTest.java:127)
	at java.base/java.util.Optional.ifPresent(Optional.java:178)
	at java.base/java.util.ArrayList.forEach(ArrayList.java:1597)
	at java.base/java.util.ArrayList.forEach(ArrayList.java:1597)
]]></skipped>
    <system-out><![CDATA[    === Skipped: method models.count_tokens is not supported in Java
]]></system-out>
  </testcase>
  <testcase name="createTests()[177]" classname="com.google.genai.TableTest" time="0.0">
    <skipped type="org.opentest4j.TestAbortedException"><![CDATA[org.opentest4j.TestAbortedException: Assumption failed:     === Skipped: method models.count_tokens is not supported in Java
	at org.junit.jupiter.api.Assumptions.throwAssumptionFailed(Assumptions.java:316)
	at org.junit.jupiter.api.Assumptions.assumeTrue(Assumptions.java:115)
	at com.google.genai.TableTest.lambda$createTableTests$0(TableTest.java:127)
	at java.base/java.util.Optional.ifPresent(Optional.java:178)
	at java.base/java.util.ArrayList.forEach(ArrayList.java:1597)
	at java.base/java.util.ArrayList.forEach(ArrayList.java:1597)
]]></skipped>
    <system-out><![CDATA[    === Skipped: method models.count_tokens is not supported in Java
]]></system-out>
  </testcase>
  <testcase name="createTests()[178]" classname="com.google.genai.TableTest" time="0.0">
    <skipped type="org.opentest4j.TestAbortedException"><![CDATA[org.opentest4j.TestAbortedException: Assumption failed:     === Skipped: method models.update is not supported in Java
	at org.junit.jupiter.api.Assumptions.throwAssumptionFailed(Assumptions.java:316)
	at org.junit.jupiter.api.Assumptions.assumeTrue(Assumptions.java:115)
	at com.google.genai.TableTest.lambda$createTableTests$0(TableTest.java:127)
	at java.base/java.util.Optional.ifPresent(Optional.java:178)
	at java.base/java.util.ArrayList.forEach(ArrayList.java:1597)
	at java.base/java.util.ArrayList.forEach(ArrayList.java:1597)
]]></skipped>
    <system-out><![CDATA[    === Skipped: method models.update is not supported in Java
]]></system-out>
  </testcase>
  <testcase name="createTests()[179]" classname="com.google.genai.TableTest" time="0.0">
    <skipped type="org.opentest4j.TestAbortedException"><![CDATA[org.opentest4j.TestAbortedException: Assumption failed:     === Skipped: method models.update is not supported in Java
	at org.junit.jupiter.api.Assumptions.throwAssumptionFailed(Assumptions.java:316)
	at org.junit.jupiter.api.Assumptions.assumeTrue(Assumptions.java:115)
	at com.google.genai.TableTest.lambda$createTableTests$0(TableTest.java:127)
	at java.base/java.util.Optional.ifPresent(Optional.java:178)
	at java.base/java.util.ArrayList.forEach(ArrayList.java:1597)
	at java.base/java.util.ArrayList.forEach(ArrayList.java:1597)
]]></skipped>
    <system-out><![CDATA[    === Skipped: method models.update is not supported in Java
]]></system-out>
  </testcase>
  <testcase name="createTests()[180]" classname="com.google.genai.TableTest" time="0.0">
    <skipped type="org.opentest4j.TestAbortedException"><![CDATA[org.opentest4j.TestAbortedException: Assumption failed: Skipped: It requires a specific ML Dev account.
	at org.junit.jupiter.api.Assumptions.throwAssumptionFailed(Assumptions.java:316)
	at org.junit.jupiter.api.Assumptions.assumeTrue(Assumptions.java:115)
	at com.google.genai.TableTest.lambda$createTestCases$2(TableTest.java:208)
	at java.base/java.util.Optional.ifPresent(Optional.java:178)
	at java.base/java.util.ArrayList.forEach(ArrayList.java:1597)
	at java.base/java.util.ArrayList.forEach(ArrayList.java:1597)
]]></skipped>
    <system-out><![CDATA[    === Skipped: It requires a specific ML Dev account.
]]></system-out>
  </testcase>
  <testcase name="createTests()[181]" classname="com.google.genai.TableTest" time="0.0">
    <skipped type="org.opentest4j.TestAbortedException"><![CDATA[org.opentest4j.TestAbortedException: Assumption failed: Skipped: test case is expected to fail in MLDev
	at org.junit.jupiter.api.Assumptions.throwAssumptionFailed(Assumptions.java:316)
	at org.junit.jupiter.api.Assumptions.assumeTrue(Assumptions.java:115)
	at com.google.genai.TableTest.lambda$createTestCases$2(TableTest.java:214)
	at java.base/java.util.Optional.ifPresent(Optional.java:178)
	at java.base/java.util.ArrayList.forEach(ArrayList.java:1597)
	at java.base/java.util.ArrayList.forEach(ArrayList.java:1597)
]]></skipped>
  </testcase>
  <testcase name="createTests()[182]" classname="com.google.genai.TableTest" time="0.0">
    <skipped type="org.opentest4j.TestAbortedException"><![CDATA[org.opentest4j.TestAbortedException: Assumption failed: Skipped: test case is expected to fail in MLDev
	at org.junit.jupiter.api.Assumptions.throwAssumptionFailed(Assumptions.java:316)
	at org.junit.jupiter.api.Assumptions.assumeTrue(Assumptions.java:115)
	at com.google.genai.TableTest.lambda$createTestCases$2(TableTest.java:214)
	at java.base/java.util.Optional.ifPresent(Optional.java:178)
	at java.base/java.util.ArrayList.forEach(ArrayList.java:1597)
	at java.base/java.util.ArrayList.forEach(ArrayList.java:1597)
]]></skipped>
  </testcase>
  <testcase name="createTests()[183]" classname="com.google.genai.TableTest" time="0.552"/>
  <testcase name="createTests()[184]" classname="com.google.genai.TableTest" time="0.0">
    <skipped type="org.opentest4j.TestAbortedException"><![CDATA[org.opentest4j.TestAbortedException: Assumption failed: Skipped: test case is expected to fail in MLDev
	at org.junit.jupiter.api.Assumptions.throwAssumptionFailed(Assumptions.java:316)
	at org.junit.jupiter.api.Assumptions.assumeTrue(Assumptions.java:115)
	at com.google.genai.TableTest.lambda$createTestCases$2(TableTest.java:214)
	at java.base/java.util.Optional.ifPresent(Optional.java:178)
	at java.base/java.util.ArrayList.forEach(ArrayList.java:1597)
	at java.base/java.util.ArrayList.forEach(ArrayList.java:1597)
]]></skipped>
  </testcase>
  <testcase name="createTests()[185]" classname="com.google.genai.TableTest" time="0.0">
    <skipped type="org.opentest4j.TestAbortedException"><![CDATA[org.opentest4j.TestAbortedException: Assumption failed: Skipped: test case is expected to fail in MLDev
	at org.junit.jupiter.api.Assumptions.throwAssumptionFailed(Assumptions.java:316)
	at org.junit.jupiter.api.Assumptions.assumeTrue(Assumptions.java:115)
	at com.google.genai.TableTest.lambda$createTestCases$2(TableTest.java:214)
	at java.base/java.util.Optional.ifPresent(Optional.java:178)
	at java.base/java.util.ArrayList.forEach(ArrayList.java:1597)
	at java.base/java.util.ArrayList.forEach(ArrayList.java:1597)
]]></skipped>
  </testcase>
  <testcase name="createTests()[186]" classname="com.google.genai.TableTest" time="0.0">
    <skipped type="org.opentest4j.TestAbortedException"><![CDATA[org.opentest4j.TestAbortedException: Assumption failed: Skipped: It requires a specific ML Dev account.
	at org.junit.jupiter.api.Assumptions.throwAssumptionFailed(Assumptions.java:316)
	at org.junit.jupiter.api.Assumptions.assumeTrue(Assumptions.java:115)
	at com.google.genai.TableTest.lambda$createTestCases$2(TableTest.java:208)
	at java.base/java.util.Optional.ifPresent(Optional.java:178)
	at java.base/java.util.ArrayList.forEach(ArrayList.java:1597)
	at java.base/java.util.ArrayList.forEach(ArrayList.java:1597)
]]></skipped>
    <system-out><![CDATA[    === Skipped: It requires a specific ML Dev account.
]]></system-out>
  </testcase>
  <testcase name="createTests()[187]" classname="com.google.genai.TableTest" time="3.683"/>
  <testcase name="createTests()[188]" classname="com.google.genai.TableTest" time="0.674"/>
  <testcase name="createTests()[189]" classname="com.google.genai.TableTest" time="0.0">
    <skipped type="org.opentest4j.TestAbortedException"><![CDATA[org.opentest4j.TestAbortedException: Assumption failed: Skipped: test case is expected to fail in Vertex AI
	at org.junit.jupiter.api.Assumptions.throwAssumptionFailed(Assumptions.java:316)
	at org.junit.jupiter.api.Assumptions.assumeTrue(Assumptions.java:115)
	at com.google.genai.TableTest.lambda$createTestCases$2(TableTest.java:217)
	at java.base/java.util.Optional.ifPresent(Optional.java:178)
	at java.base/java.util.ArrayList.forEach(ArrayList.java:1597)
	at java.base/java.util.ArrayList.forEach(ArrayList.java:1597)
]]></skipped>
  </testcase>
  <testcase name="createTests()[190]" classname="com.google.genai.TableTest" time="0.588"/>
  <testcase name="createTests()[191]" classname="com.google.genai.TableTest" time="0.0">
    <skipped type="org.opentest4j.TestAbortedException"><![CDATA[org.opentest4j.TestAbortedException: Assumption failed: Skipped: test case is expected to fail in Vertex AI
	at org.junit.jupiter.api.Assumptions.throwAssumptionFailed(Assumptions.java:316)
	at org.junit.jupiter.api.Assumptions.assumeTrue(Assumptions.java:115)
	at com.google.genai.TableTest.lambda$createTestCases$2(TableTest.java:217)
	at java.base/java.util.Optional.ifPresent(Optional.java:178)
	at java.base/java.util.ArrayList.forEach(ArrayList.java:1597)
	at java.base/java.util.ArrayList.forEach(ArrayList.java:1597)
]]></skipped>
  </testcase>
  <testcase name="createTests()[192]" classname="com.google.genai.TableTest" time="0.0">
    <skipped type="org.opentest4j.TestAbortedException"><![CDATA[org.opentest4j.TestAbortedException: Assumption failed:     === Skipped: method models.delete is not supported in Java
	at org.junit.jupiter.api.Assumptions.throwAssumptionFailed(Assumptions.java:316)
	at org.junit.jupiter.api.Assumptions.assumeTrue(Assumptions.java:115)
	at com.google.genai.TableTest.lambda$createTableTests$0(TableTest.java:127)
	at java.base/java.util.Optional.ifPresent(Optional.java:178)
	at java.base/java.util.ArrayList.forEach(ArrayList.java:1597)
	at java.base/java.util.ArrayList.forEach(ArrayList.java:1597)
]]></skipped>
    <system-out><![CDATA[    === Skipped: method models.delete is not supported in Java
]]></system-out>
  </testcase>
  <testcase name="createTests()[193]" classname="com.google.genai.TableTest" time="0.0">
    <skipped type="org.opentest4j.TestAbortedException"><![CDATA[org.opentest4j.TestAbortedException: Assumption failed:     === Skipped: method models.delete is not supported in Java
	at org.junit.jupiter.api.Assumptions.throwAssumptionFailed(Assumptions.java:316)
	at org.junit.jupiter.api.Assumptions.assumeTrue(Assumptions.java:115)
	at com.google.genai.TableTest.lambda$createTableTests$0(TableTest.java:127)
	at java.base/java.util.Optional.ifPresent(Optional.java:178)
	at java.base/java.util.ArrayList.forEach(ArrayList.java:1597)
	at java.base/java.util.ArrayList.forEach(ArrayList.java:1597)
]]></skipped>
    <system-out><![CDATA[    === Skipped: method models.delete is not supported in Java
]]></system-out>
  </testcase>
  <testcase name="createTests()[194]" classname="com.google.genai.TableTest" time="0.0">
    <skipped type="org.opentest4j.TestAbortedException"><![CDATA[org.opentest4j.TestAbortedException: Assumption failed:     === Skipped: method files.get is not supported in Java
	at org.junit.jupiter.api.Assumptions.throwAssumptionFailed(Assumptions.java:316)
	at org.junit.jupiter.api.Assumptions.assumeTrue(Assumptions.java:115)
	at com.google.genai.TableTest.lambda$createTableTests$0(TableTest.java:127)
	at java.base/java.util.Optional.ifPresent(Optional.java:178)
	at java.base/java.util.ArrayList.forEach(ArrayList.java:1597)
	at java.base/java.util.ArrayList.forEach(ArrayList.java:1597)
]]></skipped>
    <system-out><![CDATA[    === Skipped: method files.get is not supported in Java
]]></system-out>
  </testcase>
  <testcase name="createTests()[195]" classname="com.google.genai.TableTest" time="0.0">
    <skipped type="org.opentest4j.TestAbortedException"><![CDATA[org.opentest4j.TestAbortedException: Assumption failed:     === Skipped: method files.get is not supported in Java
	at org.junit.jupiter.api.Assumptions.throwAssumptionFailed(Assumptions.java:316)
	at org.junit.jupiter.api.Assumptions.assumeTrue(Assumptions.java:115)
	at com.google.genai.TableTest.lambda$createTableTests$0(TableTest.java:127)
	at java.base/java.util.Optional.ifPresent(Optional.java:178)
	at java.base/java.util.ArrayList.forEach(ArrayList.java:1597)
	at java.base/java.util.ArrayList.forEach(ArrayList.java:1597)
]]></skipped>
    <system-out><![CDATA[    === Skipped: method files.get is not supported in Java
]]></system-out>
  </testcase>
  <testcase name="createTests()[196]" classname="com.google.genai.TableTest" time="0.0">
    <skipped type="org.opentest4j.TestAbortedException"><![CDATA[org.opentest4j.TestAbortedException: Assumption failed:     === Skipped: method files.list is not supported in Java
	at org.junit.jupiter.api.Assumptions.throwAssumptionFailed(Assumptions.java:316)
	at org.junit.jupiter.api.Assumptions.assumeTrue(Assumptions.java:115)
	at com.google.genai.TableTest.lambda$createTableTests$0(TableTest.java:127)
	at java.base/java.util.Optional.ifPresent(Optional.java:178)
	at java.base/java.util.ArrayList.forEach(ArrayList.java:1597)
	at java.base/java.util.ArrayList.forEach(ArrayList.java:1597)
]]></skipped>
    <system-out><![CDATA[    === Skipped: method files.list is not supported in Java
]]></system-out>
  </testcase>
  <testcase name="createTests()[197]" classname="com.google.genai.TableTest" time="0.0">
    <skipped type="org.opentest4j.TestAbortedException"><![CDATA[org.opentest4j.TestAbortedException: Assumption failed:     === Skipped: method files.list is not supported in Java
	at org.junit.jupiter.api.Assumptions.throwAssumptionFailed(Assumptions.java:316)
	at org.junit.jupiter.api.Assumptions.assumeTrue(Assumptions.java:115)
	at com.google.genai.TableTest.lambda$createTableTests$0(TableTest.java:127)
	at java.base/java.util.Optional.ifPresent(Optional.java:178)
	at java.base/java.util.ArrayList.forEach(ArrayList.java:1597)
	at java.base/java.util.ArrayList.forEach(ArrayList.java:1597)
]]></skipped>
    <system-out><![CDATA[    === Skipped: method files.list is not supported in Java
]]></system-out>
  </testcase>
  <testcase name="createTests()[198]" classname="com.google.genai.TableTest" time="0.0">
    <skipped type="org.opentest4j.TestAbortedException"><![CDATA[org.opentest4j.TestAbortedException: Assumption failed:     === Skipped: method files.delete is not supported in Java
	at org.junit.jupiter.api.Assumptions.throwAssumptionFailed(Assumptions.java:316)
	at org.junit.jupiter.api.Assumptions.assumeTrue(Assumptions.java:115)
	at com.google.genai.TableTest.lambda$createTableTests$0(TableTest.java:127)
	at java.base/java.util.Optional.ifPresent(Optional.java:178)
	at java.base/java.util.ArrayList.forEach(ArrayList.java:1597)
	at java.base/java.util.ArrayList.forEach(ArrayList.java:1597)
]]></skipped>
    <system-out><![CDATA[    === Skipped: method files.delete is not supported in Java
]]></system-out>
  </testcase>
  <testcase name="createTests()[199]" classname="com.google.genai.TableTest" time="0.0">
    <skipped type="org.opentest4j.TestAbortedException"><![CDATA[org.opentest4j.TestAbortedException: Assumption failed:     === Skipped: method files.delete is not supported in Java
	at org.junit.jupiter.api.Assumptions.throwAssumptionFailed(Assumptions.java:316)
	at org.junit.jupiter.api.Assumptions.assumeTrue(Assumptions.java:115)
	at com.google.genai.TableTest.lambda$createTableTests$0(TableTest.java:127)
	at java.base/java.util.Optional.ifPresent(Optional.java:178)
	at java.base/java.util.ArrayList.forEach(ArrayList.java:1597)
	at java.base/java.util.ArrayList.forEach(ArrayList.java:1597)
]]></skipped>
    <system-out><![CDATA[    === Skipped: method files.delete is not supported in Java
]]></system-out>
  </testcase>
</testsuite>